

<!DOCTYPE html>
<html>
<head>
<meta charset="UTF-8">
<meta name="viewport" content="width=device-width, initial-scale=1, shrink-to-fit=no">
<title>E:\Qedge_SeleniumTrainingLatest\NxtGenAITAF2\Reports\Results_Mon_Mar_03_13_17_51_IST_2025.html</title>
<link rel="apple-touch-icon" href="https://cdn.jsdelivr.net/gh/extent-framework/extent-github-cdn@b00a2d0486596e73dd7326beacf352c639623a0e/commons/img/logo.png">
<link rel="shortcut icon" href="https://cdn.jsdelivr.net/gh/extent-framework/extent-github-cdn@b00a2d0486596e73dd7326beacf352c639623a0e/commons/img/logo.png">
<link href="https://cdn.jsdelivr.net/gh/extent-framework/extent-github-cdn@d6562a79075e061305ccfdb82f01e5e195e2d307/spark/css/spark-style.css" rel="stylesheet" />
<link href="https://stackpath.bootstrapcdn.com/font-awesome/4.7.0/css/font-awesome.min.css" rel="stylesheet">
<script src="https://cdn.jsdelivr.net/gh/extent-framework/extent-github-cdn@7cc78ce/spark/js/jsontree.js"></script>
<style type="text/css"></style></head><body class="spa -report standard">
  <div class="app">
    <div class="layout">
<div class="header navbar">
<div class="vheader">
<div class="nav-logo">
<a href="#">
<div class="logo" style="background-image: url('https://cdn.jsdelivr.net/gh/extent-framework/extent-github-cdn@b00a2d0486596e73dd7326beacf352c639623a0e/commons/img/logo.png')"></div>
</a>
</div>
<ul class="nav-left">
<li class="search-box">
<a class="search-toggle" href="#">
<i class="search-icon fa fa-search"></i>
<i class="search-icon-close fa fa-close"></i>
</a>
</li>
<li class="search-input"><input id="search-tests" class="form-control" type="text" placeholder="Search..."></li>
</ul>
<ul class="nav-right">
<li class="m-r-10">
<a href="#"><span class="badge badge-primary">E:\Qedge_SeleniumTrainingLatest\NxtGenAITAF2\Reports\Results_Mon_Mar_03_13_17_51_IST_2025.html</span></a>
</li>
<li class="m-r-10">
<a href="#"><span class="badge badge-primary">Mar 3, 2025 01:17:51 PM</span></a>
</li>
</ul>
</div>
</div><div class="side-nav">
<div class="side-nav-inner">
<ul class="side-nav-menu">
<li class="nav-item dropdown" onclick="toggleView('test-view')">
<a id="nav-test" class="dropdown-toggle" href="#">
<span class="ico"><i class="fa fa-list"></i></span>
</a>
</li>
<li class="nav-item dropdown" onclick="toggleView('dashboard-view')">
<a id="nav-dashboard" class="dropdown-toggle" href="#">
<span class="ico"><i class="fa fa-bar-chart"></i></span>
</a>
</li>
</ul>
</div>
</div>      <div class="vcontainer">
        <div class="main-content">
<div class="test-wrapper row view test-view">
  <div class="test-list">
    <div class="test-list-tools">
<ul class="tools pull-left">
<li><a href="#"><span class="font-size-14">Tests</span></a></li>
</ul>
<ul class="tools text-right">
<li class="dropdown">
<a href="#" class="dropdown-toggle" data-toggle="dropdown"><i class="fa fa-exclamation-circle"></i></a>
<ul id="status-toggle" class="dropdown-menu dropdown-md p-v-0">
<a class="dropdown-item" status="fail" href="#"><span>Fail</span><span class="status danger"></span></a>
<a class="dropdown-item" status="skip" href="#"><span>Skip</span><span class="status warning"></span></a>
<div class="dropdown-divider"></div>
<a status="clear" class="dropdown-item" href="#"><span>Clear</span><span class="pull-right"><i class="fa fa-close"></i></span></a>
</ul>
</li>
</ul>
</div>    <div class="test-list-wrapper scrollable">
      <ul class="test-list-item">
        <li class="test-item"  status="fail" test-id="1"
          author=""
          tag=""
          device="">
          <div class="test-detail">
            <p class="name">com.nxtgenai.testcases.ScreenNavigation     @TestCase : validatingHomePageNavigation</p>
            <p class="text-sm">
              <span>1:18:06 PM</span> / <span>00:00:00:481</span>
              <span class="badge fail-bg log float-right">Fail</span>
            </p>
          </div>
          <div class="test-contents d-none">
<div class="detail-head">
<div class="p-v-10">
<div class="info">
<h5 class="test-status text-fail">com.nxtgenai.testcases.ScreenNavigation @TestCase : validatingHomePageNavigation</h5>
<span class='badge badge-success'>03.03.2025 1:18:06 PM</span>
<span class='badge badge-danger'>03.03.2025 1:18:07 PM</span>
<span class='badge badge-default'>00:00:00:481</span>
&middot; <span class='uri-anchor badge badge-default'>#test-id=1</span>
<span class='badge badge-default pointer float-right ml-1 et'><i class="fa fa-chevron-down"></i></span>
<span class='badge badge-default pointer float-right ct'><i class="fa fa-chevron-up"></i></span>
</div>
</div>
</div><div class="detail-body mt-4">
<table class="table table-sm">
  <thead><tr><th class="status-col">Status</th><th class="timestamp-col">Timestamp</th><th class="details-col">Details</th></tr></thead>
  <tbody>
      <tr class="event-row">
        <td><span class="badge log fail-bg">Fail</span></td>
        <td>1:18:07 PM</td>
        <td>
          <details><summary><b><font color=red>Exception Occured:Click to see</font></b ></summary>[java.base/jdk.internal.reflect.NativeConstructorAccessorImpl.newInstance0(Native Method)<br> java.base/jdk.internal.reflect.NativeConstructorAccessorImpl.newInstance(NativeConstructorAccessorImpl.java:62)<br> java.base/jdk.internal.reflect.DelegatingConstructorAccessorImpl.newInstance(DelegatingConstructorAccessorImpl.java:45)<br> java.base/java.lang.reflect.Constructor.newInstance(Constructor.java:490)<br> org.openqa.selenium.remote.ErrorCodec.decode(ErrorCodec.java:167)<br> org.openqa.selenium.remote.codec.w3c.W3CHttpResponseCodec.decode(W3CHttpResponseCodec.java:138)<br> org.openqa.selenium.remote.codec.w3c.W3CHttpResponseCodec.decode(W3CHttpResponseCodec.java:50)<br> org.openqa.selenium.remote.HttpCommandExecutor.execute(HttpCommandExecutor.java:190)<br> org.openqa.selenium.remote.service.DriverCommandExecutor.invokeExecute(DriverCommandExecutor.java:216)<br> org.openqa.selenium.remote.service.DriverCommandExecutor.execute(DriverCommandExecutor.java:174)<br> org.openqa.selenium.remote.RemoteWebDriver.execute(RemoteWebDriver.java:545)<br> org.openqa.selenium.remote.ElementLocation$ElementFinder$2.findElement(ElementLocation.java:165)<br> org.openqa.selenium.remote.ElementLocation.findElement(ElementLocation.java:59)<br> org.openqa.selenium.remote.RemoteWebDriver.findElement(RemoteWebDriver.java:368)<br> org.openqa.selenium.remote.RemoteWebDriver.findElement(RemoteWebDriver.java:362)<br> org.openqa.selenium.support.pagefactory.DefaultElementLocator.findElement(DefaultElementLocator.java:68)<br> org.openqa.selenium.support.pagefactory.internal.LocatingElementHandler.invoke(LocatingElementHandler.java:38)<br> com.sun.proxy.$Proxy16.click(Unknown Source)<br> com.nxtgenai.pages.NxtGenHomePage.navigateToHomePage(NxtGenHomePage.java:107)<br> com.nxtgenai.testcases.ScreenNavigation.validatingHomePageNavigation(ScreenNavigation.java:14)<br> java.base/jdk.internal.reflect.NativeMethodAccessorImpl.invoke0(Native Method)<br> java.base/jdk.internal.reflect.NativeMethodAccessorImpl.invoke(NativeMethodAccessorImpl.java:62)<br> java.base/jdk.internal.reflect.DelegatingMethodAccessorImpl.invoke(DelegatingMethodAccessorImpl.java:43)<br> java.base/java.lang.reflect.Method.invoke(Method.java:566)<br> org.testng.internal.invokers.MethodInvocationHelper.invokeMethod(MethodInvocationHelper.java:141)<br> org.testng.internal.invokers.TestInvoker.invokeMethod(TestInvoker.java:686)<br> org.testng.internal.invokers.TestInvoker.invokeTestMethod(TestInvoker.java:230)<br> org.testng.internal.invokers.MethodRunner.runInSequence(MethodRunner.java:63)<br> org.testng.internal.invokers.TestInvoker$MethodInvocationAgent.invoke(TestInvoker.java:992)<br> org.testng.internal.invokers.TestInvoker.invokeTestMethods(TestInvoker.java:203)<br> org.testng.internal.invokers.TestMethodWorker.invokeTestMethods(TestMethodWorker.java:154)<br> org.testng.internal.invokers.TestMethodWorker.run(TestMethodWorker.java:134)<br> java.base/java.util.ArrayList.forEach(ArrayList.java:1541)<br> org.testng.TestRunner.privateRun(TestRunner.java:739)<br> org.testng.TestRunner.run(TestRunner.java:614)<br> org.testng.SuiteRunner.runTest(SuiteRunner.java:421)<br> org.testng.SuiteRunner.runSequentially(SuiteRunner.java:413)<br> org.testng.SuiteRunner.privateRun(SuiteRunner.java:373)<br> org.testng.SuiteRunner.run(SuiteRunner.java:312)<br> org.testng.SuiteRunnerWorker.runSuite(SuiteRunnerWorker.java:52)<br> org.testng.SuiteRunnerWorker.run(SuiteRunnerWorker.java:95)<br> org.testng.TestNG.runSuitesSequentially(TestNG.java:1274)<br> org.testng.TestNG.runSuitesLocally(TestNG.java:1208)<br> org.testng.TestNG.runSuites(TestNG.java:1112)<br> org.testng.TestNG.run(TestNG.java:1079)<br> org.testng.remote.AbstractRemoteTestNG.run(AbstractRemoteTestNG.java:115)<br> org.testng.remote.RemoteTestNG.initAndRun(RemoteTestNG.java:293)<br> org.testng.remote.RemoteTestNG.main(RemoteTestNG.java:91)]</details> 

        </td>
      </tr>
      <tr class="event-row">
        <td><span class="badge log fail-bg">Fail</span></td>
        <td>1:18:07 PM</td>
        <td>
          <b><font color=red>Screenshot of failure</font></b>
    <div class="row mb-3"><div class="col-md-3">
<img data-featherlight='Mon_Mar_03_13_18_07_IST_2025.jpg' src="Mon_Mar_03_13_18_07_IST_2025.jpg">
    
    </div></div>
        </td>
      </tr>
      <tr class="event-row">
        <td><span class="badge log fail-bg">Fail</span></td>
        <td>1:18:07 PM</td>
        <td>
          <span class='badge white-text red'>TEST CASE FAILED</span>
        </td>
      </tr>
  </tbody>
</table>
</div>
          </div>
        </li>
        <li class="test-item"  status="fail" test-id="2"
          author=""
          tag=""
          device="">
          <div class="test-detail">
            <p class="name">com.nxtgenai.testcases.ScreenNavigation     @TestCase : validatingSeleniumAutomationCurriculumNavigation</p>
            <p class="text-sm">
              <span>1:18:07 PM</span> / <span>00:00:00:237</span>
              <span class="badge fail-bg log float-right">Fail</span>
            </p>
          </div>
          <div class="test-contents d-none">
<div class="detail-head">
<div class="p-v-10">
<div class="info">
<h5 class="test-status text-fail">com.nxtgenai.testcases.ScreenNavigation @TestCase : validatingSeleniumAutomationCurriculumNavigation</h5>
<span class='badge badge-success'>03.03.2025 1:18:07 PM</span>
<span class='badge badge-danger'>03.03.2025 1:18:07 PM</span>
<span class='badge badge-default'>00:00:00:237</span>
&middot; <span class='uri-anchor badge badge-default'>#test-id=2</span>
<span class='badge badge-default pointer float-right ml-1 et'><i class="fa fa-chevron-down"></i></span>
<span class='badge badge-default pointer float-right ct'><i class="fa fa-chevron-up"></i></span>
</div>
</div>
</div><div class="detail-body mt-4">
<table class="table table-sm">
  <thead><tr><th class="status-col">Status</th><th class="timestamp-col">Timestamp</th><th class="details-col">Details</th></tr></thead>
  <tbody>
      <tr class="event-row">
        <td><span class="badge log fail-bg">Fail</span></td>
        <td>1:18:07 PM</td>
        <td>
          <details><summary><b><font color=red>Exception Occured:Click to see</font></b ></summary>[org.openqa.selenium.json.JsonOutput.convertUsingMethod(JsonOutput.java:520)<br> org.openqa.selenium.json.JsonOutput.lambda$new$16(JsonOutput.java:182)<br> org.openqa.selenium.json.JsonOutput.write0(JsonOutput.java:409)<br> org.openqa.selenium.json.JsonOutput.lambda$new$22(JsonOutput.java:204)<br> java.base/java.util.stream.ForEachOps$ForEachOp$OfRef.accept(ForEachOps.java:183)<br> java.base/java.util.stream.ReferencePipeline$2$1.accept(ReferencePipeline.java:177)<br> java.base/java.util.Iterator.forEachRemaining(Iterator.java:133)<br> java.base/java.util.Spliterators$IteratorSpliterator.forEachRemaining(Spliterators.java:1801)<br> java.base/java.util.stream.AbstractPipeline.copyInto(AbstractPipeline.java:484)<br> java.base/java.util.stream.AbstractPipeline.wrapAndCopyInto(AbstractPipeline.java:474)<br> java.base/java.util.stream.ForEachOps$ForEachOp.evaluateSequential(ForEachOps.java:150)<br> java.base/java.util.stream.ForEachOps$ForEachOp$OfRef.evaluateSequential(ForEachOps.java:173)<br> java.base/java.util.stream.AbstractPipeline.evaluate(AbstractPipeline.java:234)<br> java.base/java.util.stream.ReferencePipeline.forEach(ReferencePipeline.java:497)<br> org.openqa.selenium.json.JsonOutput.lambda$new$23(JsonOutput.java:204)<br> org.openqa.selenium.json.JsonOutput.write0(JsonOutput.java:409)<br> org.openqa.selenium.json.JsonOutput.lambda$new$24(JsonOutput.java:222)<br> java.base/java.util.Map.forEach(Map.java:661)<br> org.openqa.selenium.json.JsonOutput.lambda$new$25(JsonOutput.java:217)<br> org.openqa.selenium.json.JsonOutput.write0(JsonOutput.java:409)<br> org.openqa.selenium.json.JsonOutput.write(JsonOutput.java:400)<br> org.openqa.selenium.json.Json.toJson(Json.java:133)<br> org.openqa.selenium.json.Json.toJson(Json.java:119)<br> org.openqa.selenium.remote.codec.AbstractHttpCommandCodec.encode(AbstractHttpCommandCodec.java:245)<br> org.openqa.selenium.remote.codec.AbstractHttpCommandCodec.encode(AbstractHttpCommandCodec.java:111)<br> org.openqa.selenium.remote.HttpCommandExecutor.execute(HttpCommandExecutor.java:178)<br> org.openqa.selenium.remote.service.DriverCommandExecutor.invokeExecute(DriverCommandExecutor.java:216)<br> org.openqa.selenium.remote.service.DriverCommandExecutor.execute(DriverCommandExecutor.java:174)<br> org.openqa.selenium.remote.RemoteWebDriver.execute(RemoteWebDriver.java:545)<br> org.openqa.selenium.remote.RemoteWebDriver.perform(RemoteWebDriver.java:631)<br> org.openqa.selenium.interactions.Actions$BuiltAction.perform(Actions.java:613)<br> org.openqa.selenium.interactions.Actions.perform(Actions.java:578)<br> com.nxtgenai.pages.NxtGenHomePage.navigateToSeleniumAutomationCurriculum(NxtGenHomePage.java:114)<br> com.nxtgenai.testcases.ScreenNavigation.validatingSeleniumAutomationCurriculumNavigation(ScreenNavigation.java:20)<br> java.base/jdk.internal.reflect.NativeMethodAccessorImpl.invoke0(Native Method)<br> java.base/jdk.internal.reflect.NativeMethodAccessorImpl.invoke(NativeMethodAccessorImpl.java:62)<br> java.base/jdk.internal.reflect.DelegatingMethodAccessorImpl.invoke(DelegatingMethodAccessorImpl.java:43)<br> java.base/java.lang.reflect.Method.invoke(Method.java:566)<br> org.testng.internal.invokers.MethodInvocationHelper.invokeMethod(MethodInvocationHelper.java:141)<br> org.testng.internal.invokers.TestInvoker.invokeMethod(TestInvoker.java:686)<br> org.testng.internal.invokers.TestInvoker.invokeTestMethod(TestInvoker.java:230)<br> org.testng.internal.invokers.MethodRunner.runInSequence(MethodRunner.java:63)<br> org.testng.internal.invokers.TestInvoker$MethodInvocationAgent.invoke(TestInvoker.java:992)<br> org.testng.internal.invokers.TestInvoker.invokeTestMethods(TestInvoker.java:203)<br> org.testng.internal.invokers.TestMethodWorker.invokeTestMethods(TestMethodWorker.java:154)<br> org.testng.internal.invokers.TestMethodWorker.run(TestMethodWorker.java:134)<br> java.base/java.util.ArrayList.forEach(ArrayList.java:1541)<br> org.testng.TestRunner.privateRun(TestRunner.java:739)<br> org.testng.TestRunner.run(TestRunner.java:614)<br> org.testng.SuiteRunner.runTest(SuiteRunner.java:421)<br> org.testng.SuiteRunner.runSequentially(SuiteRunner.java:413)<br> org.testng.SuiteRunner.privateRun(SuiteRunner.java:373)<br> org.testng.SuiteRunner.run(SuiteRunner.java:312)<br> org.testng.SuiteRunnerWorker.runSuite(SuiteRunnerWorker.java:52)<br> org.testng.SuiteRunnerWorker.run(SuiteRunnerWorker.java:95)<br> org.testng.TestNG.runSuitesSequentially(TestNG.java:1274)<br> org.testng.TestNG.runSuitesLocally(TestNG.java:1208)<br> org.testng.TestNG.runSuites(TestNG.java:1112)<br> org.testng.TestNG.run(TestNG.java:1079)<br> org.testng.remote.AbstractRemoteTestNG.run(AbstractRemoteTestNG.java:115)<br> org.testng.remote.RemoteTestNG.initAndRun(RemoteTestNG.java:293)<br> org.testng.remote.RemoteTestNG.main(RemoteTestNG.java:91)]</details> 

        </td>
      </tr>
      <tr class="event-row">
        <td><span class="badge log fail-bg">Fail</span></td>
        <td>1:18:07 PM</td>
        <td>
          <b><font color=red>Screenshot of failure</font></b>
    <div class="row mb-3"><div class="col-md-3">
<img data-featherlight='Mon_Mar_03_13_18_07_IST_2025.jpg' src="Mon_Mar_03_13_18_07_IST_2025.jpg">
    
    </div></div>
        </td>
      </tr>
      <tr class="event-row">
        <td><span class="badge log fail-bg">Fail</span></td>
        <td>1:18:07 PM</td>
        <td>
          <span class='badge white-text red'>TEST CASE FAILED</span>
        </td>
      </tr>
  </tbody>
</table>
</div>
          </div>
        </li>
        <li class="test-item"  status="fail" test-id="3"
          author=""
          tag=""
          device="">
          <div class="test-detail">
            <p class="name">com.nxtgenai.testcases.ScreenNavigation     @TestCase : validatingAutomationToolsCurriculumNavigation</p>
            <p class="text-sm">
              <span>1:18:07 PM</span> / <span>00:00:00:498</span>
              <span class="badge fail-bg log float-right">Fail</span>
            </p>
          </div>
          <div class="test-contents d-none">
<div class="detail-head">
<div class="p-v-10">
<div class="info">
<h5 class="test-status text-fail">com.nxtgenai.testcases.ScreenNavigation @TestCase : validatingAutomationToolsCurriculumNavigation</h5>
<span class='badge badge-success'>03.03.2025 1:18:07 PM</span>
<span class='badge badge-danger'>03.03.2025 1:18:08 PM</span>
<span class='badge badge-default'>00:00:00:498</span>
&middot; <span class='uri-anchor badge badge-default'>#test-id=3</span>
<span class='badge badge-default pointer float-right ml-1 et'><i class="fa fa-chevron-down"></i></span>
<span class='badge badge-default pointer float-right ct'><i class="fa fa-chevron-up"></i></span>
</div>
</div>
</div><div class="detail-body mt-4">
<table class="table table-sm">
  <thead><tr><th class="status-col">Status</th><th class="timestamp-col">Timestamp</th><th class="details-col">Details</th></tr></thead>
  <tbody>
      <tr class="event-row">
        <td><span class="badge log fail-bg">Fail</span></td>
        <td>1:18:07 PM</td>
        <td>
          <details><summary><b><font color=red>Exception Occured:Click to see</font></b ></summary>[org.openqa.selenium.json.JsonOutput.convertUsingMethod(JsonOutput.java:520)<br> org.openqa.selenium.json.JsonOutput.lambda$new$16(JsonOutput.java:182)<br> org.openqa.selenium.json.JsonOutput.write0(JsonOutput.java:409)<br> org.openqa.selenium.json.JsonOutput.lambda$new$22(JsonOutput.java:204)<br> java.base/java.util.stream.ForEachOps$ForEachOp$OfRef.accept(ForEachOps.java:183)<br> java.base/java.util.stream.ReferencePipeline$2$1.accept(ReferencePipeline.java:177)<br> java.base/java.util.Iterator.forEachRemaining(Iterator.java:133)<br> java.base/java.util.Spliterators$IteratorSpliterator.forEachRemaining(Spliterators.java:1801)<br> java.base/java.util.stream.AbstractPipeline.copyInto(AbstractPipeline.java:484)<br> java.base/java.util.stream.AbstractPipeline.wrapAndCopyInto(AbstractPipeline.java:474)<br> java.base/java.util.stream.ForEachOps$ForEachOp.evaluateSequential(ForEachOps.java:150)<br> java.base/java.util.stream.ForEachOps$ForEachOp$OfRef.evaluateSequential(ForEachOps.java:173)<br> java.base/java.util.stream.AbstractPipeline.evaluate(AbstractPipeline.java:234)<br> java.base/java.util.stream.ReferencePipeline.forEach(ReferencePipeline.java:497)<br> org.openqa.selenium.json.JsonOutput.lambda$new$23(JsonOutput.java:204)<br> org.openqa.selenium.json.JsonOutput.write0(JsonOutput.java:409)<br> org.openqa.selenium.json.JsonOutput.lambda$new$24(JsonOutput.java:222)<br> java.base/java.util.Map.forEach(Map.java:661)<br> org.openqa.selenium.json.JsonOutput.lambda$new$25(JsonOutput.java:217)<br> org.openqa.selenium.json.JsonOutput.write0(JsonOutput.java:409)<br> org.openqa.selenium.json.JsonOutput.write(JsonOutput.java:400)<br> org.openqa.selenium.json.Json.toJson(Json.java:133)<br> org.openqa.selenium.json.Json.toJson(Json.java:119)<br> org.openqa.selenium.remote.codec.AbstractHttpCommandCodec.encode(AbstractHttpCommandCodec.java:245)<br> org.openqa.selenium.remote.codec.AbstractHttpCommandCodec.encode(AbstractHttpCommandCodec.java:111)<br> org.openqa.selenium.remote.HttpCommandExecutor.execute(HttpCommandExecutor.java:178)<br> org.openqa.selenium.remote.service.DriverCommandExecutor.invokeExecute(DriverCommandExecutor.java:216)<br> org.openqa.selenium.remote.service.DriverCommandExecutor.execute(DriverCommandExecutor.java:174)<br> org.openqa.selenium.remote.RemoteWebDriver.execute(RemoteWebDriver.java:545)<br> org.openqa.selenium.remote.RemoteWebDriver.perform(RemoteWebDriver.java:631)<br> org.openqa.selenium.interactions.Actions$BuiltAction.perform(Actions.java:613)<br> org.openqa.selenium.interactions.Actions.perform(Actions.java:578)<br> com.nxtgenai.pages.NxtGenHomePage.navigateToAutomationToolsCurriculum(NxtGenHomePage.java:122)<br> com.nxtgenai.testcases.ScreenNavigation.validatingAutomationToolsCurriculumNavigation(ScreenNavigation.java:26)<br> java.base/jdk.internal.reflect.NativeMethodAccessorImpl.invoke0(Native Method)<br> java.base/jdk.internal.reflect.NativeMethodAccessorImpl.invoke(NativeMethodAccessorImpl.java:62)<br> java.base/jdk.internal.reflect.DelegatingMethodAccessorImpl.invoke(DelegatingMethodAccessorImpl.java:43)<br> java.base/java.lang.reflect.Method.invoke(Method.java:566)<br> org.testng.internal.invokers.MethodInvocationHelper.invokeMethod(MethodInvocationHelper.java:141)<br> org.testng.internal.invokers.TestInvoker.invokeMethod(TestInvoker.java:686)<br> org.testng.internal.invokers.TestInvoker.invokeTestMethod(TestInvoker.java:230)<br> org.testng.internal.invokers.MethodRunner.runInSequence(MethodRunner.java:63)<br> org.testng.internal.invokers.TestInvoker$MethodInvocationAgent.invoke(TestInvoker.java:992)<br> org.testng.internal.invokers.TestInvoker.invokeTestMethods(TestInvoker.java:203)<br> org.testng.internal.invokers.TestMethodWorker.invokeTestMethods(TestMethodWorker.java:154)<br> org.testng.internal.invokers.TestMethodWorker.run(TestMethodWorker.java:134)<br> java.base/java.util.ArrayList.forEach(ArrayList.java:1541)<br> org.testng.TestRunner.privateRun(TestRunner.java:739)<br> org.testng.TestRunner.run(TestRunner.java:614)<br> org.testng.SuiteRunner.runTest(SuiteRunner.java:421)<br> org.testng.SuiteRunner.runSequentially(SuiteRunner.java:413)<br> org.testng.SuiteRunner.privateRun(SuiteRunner.java:373)<br> org.testng.SuiteRunner.run(SuiteRunner.java:312)<br> org.testng.SuiteRunnerWorker.runSuite(SuiteRunnerWorker.java:52)<br> org.testng.SuiteRunnerWorker.run(SuiteRunnerWorker.java:95)<br> org.testng.TestNG.runSuitesSequentially(TestNG.java:1274)<br> org.testng.TestNG.runSuitesLocally(TestNG.java:1208)<br> org.testng.TestNG.runSuites(TestNG.java:1112)<br> org.testng.TestNG.run(TestNG.java:1079)<br> org.testng.remote.AbstractRemoteTestNG.run(AbstractRemoteTestNG.java:115)<br> org.testng.remote.RemoteTestNG.initAndRun(RemoteTestNG.java:293)<br> org.testng.remote.RemoteTestNG.main(RemoteTestNG.java:91)]</details> 

        </td>
      </tr>
      <tr class="event-row">
        <td><span class="badge log fail-bg">Fail</span></td>
        <td>1:18:08 PM</td>
        <td>
          <b><font color=red>Screenshot of failure</font></b>
    <div class="row mb-3"><div class="col-md-3">
<img data-featherlight='Mon_Mar_03_13_18_08_IST_2025.jpg' src="Mon_Mar_03_13_18_08_IST_2025.jpg">
    
    </div></div>
        </td>
      </tr>
      <tr class="event-row">
        <td><span class="badge log fail-bg">Fail</span></td>
        <td>1:18:08 PM</td>
        <td>
          <span class='badge white-text red'>TEST CASE FAILED</span>
        </td>
      </tr>
  </tbody>
</table>
</div>
          </div>
        </li>
        <li class="test-item"  status="fail" test-id="4"
          author=""
          tag=""
          device="">
          <div class="test-detail">
            <p class="name">com.nxtgenai.testcases.ScreenNavigation     @TestCase : validatingRegistrationFormNavigation</p>
            <p class="text-sm">
              <span>1:18:08 PM</span> / <span>00:00:00:213</span>
              <span class="badge fail-bg log float-right">Fail</span>
            </p>
          </div>
          <div class="test-contents d-none">
<div class="detail-head">
<div class="p-v-10">
<div class="info">
<h5 class="test-status text-fail">com.nxtgenai.testcases.ScreenNavigation @TestCase : validatingRegistrationFormNavigation</h5>
<span class='badge badge-success'>03.03.2025 1:18:08 PM</span>
<span class='badge badge-danger'>03.03.2025 1:18:08 PM</span>
<span class='badge badge-default'>00:00:00:213</span>
&middot; <span class='uri-anchor badge badge-default'>#test-id=4</span>
<span class='badge badge-default pointer float-right ml-1 et'><i class="fa fa-chevron-down"></i></span>
<span class='badge badge-default pointer float-right ct'><i class="fa fa-chevron-up"></i></span>
</div>
</div>
</div><div class="detail-body mt-4">
<table class="table table-sm">
  <thead><tr><th class="status-col">Status</th><th class="timestamp-col">Timestamp</th><th class="details-col">Details</th></tr></thead>
  <tbody>
      <tr class="event-row">
        <td><span class="badge log fail-bg">Fail</span></td>
        <td>1:18:08 PM</td>
        <td>
          <details><summary><b><font color=red>Exception Occured:Click to see</font></b ></summary>[org.openqa.selenium.json.JsonOutput.convertUsingMethod(JsonOutput.java:520)<br> org.openqa.selenium.json.JsonOutput.lambda$new$16(JsonOutput.java:182)<br> org.openqa.selenium.json.JsonOutput.write0(JsonOutput.java:409)<br> org.openqa.selenium.json.JsonOutput.lambda$new$22(JsonOutput.java:204)<br> java.base/java.util.stream.ForEachOps$ForEachOp$OfRef.accept(ForEachOps.java:183)<br> java.base/java.util.stream.ReferencePipeline$2$1.accept(ReferencePipeline.java:177)<br> java.base/java.util.Iterator.forEachRemaining(Iterator.java:133)<br> java.base/java.util.Spliterators$IteratorSpliterator.forEachRemaining(Spliterators.java:1801)<br> java.base/java.util.stream.AbstractPipeline.copyInto(AbstractPipeline.java:484)<br> java.base/java.util.stream.AbstractPipeline.wrapAndCopyInto(AbstractPipeline.java:474)<br> java.base/java.util.stream.ForEachOps$ForEachOp.evaluateSequential(ForEachOps.java:150)<br> java.base/java.util.stream.ForEachOps$ForEachOp$OfRef.evaluateSequential(ForEachOps.java:173)<br> java.base/java.util.stream.AbstractPipeline.evaluate(AbstractPipeline.java:234)<br> java.base/java.util.stream.ReferencePipeline.forEach(ReferencePipeline.java:497)<br> org.openqa.selenium.json.JsonOutput.lambda$new$23(JsonOutput.java:204)<br> org.openqa.selenium.json.JsonOutput.write0(JsonOutput.java:409)<br> org.openqa.selenium.json.JsonOutput.lambda$new$24(JsonOutput.java:222)<br> java.base/java.util.Map.forEach(Map.java:661)<br> org.openqa.selenium.json.JsonOutput.lambda$new$25(JsonOutput.java:217)<br> org.openqa.selenium.json.JsonOutput.write0(JsonOutput.java:409)<br> org.openqa.selenium.json.JsonOutput.write(JsonOutput.java:400)<br> org.openqa.selenium.json.Json.toJson(Json.java:133)<br> org.openqa.selenium.json.Json.toJson(Json.java:119)<br> org.openqa.selenium.remote.codec.AbstractHttpCommandCodec.encode(AbstractHttpCommandCodec.java:245)<br> org.openqa.selenium.remote.codec.AbstractHttpCommandCodec.encode(AbstractHttpCommandCodec.java:111)<br> org.openqa.selenium.remote.HttpCommandExecutor.execute(HttpCommandExecutor.java:178)<br> org.openqa.selenium.remote.service.DriverCommandExecutor.invokeExecute(DriverCommandExecutor.java:216)<br> org.openqa.selenium.remote.service.DriverCommandExecutor.execute(DriverCommandExecutor.java:174)<br> org.openqa.selenium.remote.RemoteWebDriver.execute(RemoteWebDriver.java:545)<br> org.openqa.selenium.remote.RemoteWebDriver.perform(RemoteWebDriver.java:631)<br> org.openqa.selenium.interactions.Actions$BuiltAction.perform(Actions.java:613)<br> org.openqa.selenium.interactions.Actions.perform(Actions.java:578)<br> com.nxtgenai.pages.NxtGenHomePage.navigateToRegistrationForm(NxtGenHomePage.java:131)<br> com.nxtgenai.testcases.ScreenNavigation.validatingRegistrationFormNavigation(ScreenNavigation.java:32)<br> java.base/jdk.internal.reflect.NativeMethodAccessorImpl.invoke0(Native Method)<br> java.base/jdk.internal.reflect.NativeMethodAccessorImpl.invoke(NativeMethodAccessorImpl.java:62)<br> java.base/jdk.internal.reflect.DelegatingMethodAccessorImpl.invoke(DelegatingMethodAccessorImpl.java:43)<br> java.base/java.lang.reflect.Method.invoke(Method.java:566)<br> org.testng.internal.invokers.MethodInvocationHelper.invokeMethod(MethodInvocationHelper.java:141)<br> org.testng.internal.invokers.TestInvoker.invokeMethod(TestInvoker.java:686)<br> org.testng.internal.invokers.TestInvoker.invokeTestMethod(TestInvoker.java:230)<br> org.testng.internal.invokers.MethodRunner.runInSequence(MethodRunner.java:63)<br> org.testng.internal.invokers.TestInvoker$MethodInvocationAgent.invoke(TestInvoker.java:992)<br> org.testng.internal.invokers.TestInvoker.invokeTestMethods(TestInvoker.java:203)<br> org.testng.internal.invokers.TestMethodWorker.invokeTestMethods(TestMethodWorker.java:154)<br> org.testng.internal.invokers.TestMethodWorker.run(TestMethodWorker.java:134)<br> java.base/java.util.ArrayList.forEach(ArrayList.java:1541)<br> org.testng.TestRunner.privateRun(TestRunner.java:739)<br> org.testng.TestRunner.run(TestRunner.java:614)<br> org.testng.SuiteRunner.runTest(SuiteRunner.java:421)<br> org.testng.SuiteRunner.runSequentially(SuiteRunner.java:413)<br> org.testng.SuiteRunner.privateRun(SuiteRunner.java:373)<br> org.testng.SuiteRunner.run(SuiteRunner.java:312)<br> org.testng.SuiteRunnerWorker.runSuite(SuiteRunnerWorker.java:52)<br> org.testng.SuiteRunnerWorker.run(SuiteRunnerWorker.java:95)<br> org.testng.TestNG.runSuitesSequentially(TestNG.java:1274)<br> org.testng.TestNG.runSuitesLocally(TestNG.java:1208)<br> org.testng.TestNG.runSuites(TestNG.java:1112)<br> org.testng.TestNG.run(TestNG.java:1079)<br> org.testng.remote.AbstractRemoteTestNG.run(AbstractRemoteTestNG.java:115)<br> org.testng.remote.RemoteTestNG.initAndRun(RemoteTestNG.java:293)<br> org.testng.remote.RemoteTestNG.main(RemoteTestNG.java:91)]</details> 

        </td>
      </tr>
      <tr class="event-row">
        <td><span class="badge log fail-bg">Fail</span></td>
        <td>1:18:08 PM</td>
        <td>
          <b><font color=red>Screenshot of failure</font></b>
    <div class="row mb-3"><div class="col-md-3">
<img data-featherlight='Mon_Mar_03_13_18_08_IST_2025.jpg' src="Mon_Mar_03_13_18_08_IST_2025.jpg">
    
    </div></div>
        </td>
      </tr>
      <tr class="event-row">
        <td><span class="badge log fail-bg">Fail</span></td>
        <td>1:18:08 PM</td>
        <td>
          <span class='badge white-text red'>TEST CASE FAILED</span>
        </td>
      </tr>
  </tbody>
</table>
</div>
          </div>
        </li>
        <li class="test-item"  status="fail" test-id="5"
          author=""
          tag=""
          device="">
          <div class="test-detail">
            <p class="name">com.nxtgenai.testcases.ScreenNavigation     @TestCase : validatingAlertPopUpNavigation</p>
            <p class="text-sm">
              <span>1:18:08 PM</span> / <span>00:00:00:450</span>
              <span class="badge fail-bg log float-right">Fail</span>
            </p>
          </div>
          <div class="test-contents d-none">
<div class="detail-head">
<div class="p-v-10">
<div class="info">
<h5 class="test-status text-fail">com.nxtgenai.testcases.ScreenNavigation @TestCase : validatingAlertPopUpNavigation</h5>
<span class='badge badge-success'>03.03.2025 1:18:08 PM</span>
<span class='badge badge-danger'>03.03.2025 1:18:08 PM</span>
<span class='badge badge-default'>00:00:00:450</span>
&middot; <span class='uri-anchor badge badge-default'>#test-id=5</span>
<span class='badge badge-default pointer float-right ml-1 et'><i class="fa fa-chevron-down"></i></span>
<span class='badge badge-default pointer float-right ct'><i class="fa fa-chevron-up"></i></span>
</div>
</div>
</div><div class="detail-body mt-4">
<table class="table table-sm">
  <thead><tr><th class="status-col">Status</th><th class="timestamp-col">Timestamp</th><th class="details-col">Details</th></tr></thead>
  <tbody>
      <tr class="event-row">
        <td><span class="badge log fail-bg">Fail</span></td>
        <td>1:18:08 PM</td>
        <td>
          <details><summary><b><font color=red>Exception Occured:Click to see</font></b ></summary>[org.openqa.selenium.json.JsonOutput.convertUsingMethod(JsonOutput.java:520)<br> org.openqa.selenium.json.JsonOutput.lambda$new$16(JsonOutput.java:182)<br> org.openqa.selenium.json.JsonOutput.write0(JsonOutput.java:409)<br> org.openqa.selenium.json.JsonOutput.lambda$new$22(JsonOutput.java:204)<br> java.base/java.util.stream.ForEachOps$ForEachOp$OfRef.accept(ForEachOps.java:183)<br> java.base/java.util.stream.ReferencePipeline$2$1.accept(ReferencePipeline.java:177)<br> java.base/java.util.Iterator.forEachRemaining(Iterator.java:133)<br> java.base/java.util.Spliterators$IteratorSpliterator.forEachRemaining(Spliterators.java:1801)<br> java.base/java.util.stream.AbstractPipeline.copyInto(AbstractPipeline.java:484)<br> java.base/java.util.stream.AbstractPipeline.wrapAndCopyInto(AbstractPipeline.java:474)<br> java.base/java.util.stream.ForEachOps$ForEachOp.evaluateSequential(ForEachOps.java:150)<br> java.base/java.util.stream.ForEachOps$ForEachOp$OfRef.evaluateSequential(ForEachOps.java:173)<br> java.base/java.util.stream.AbstractPipeline.evaluate(AbstractPipeline.java:234)<br> java.base/java.util.stream.ReferencePipeline.forEach(ReferencePipeline.java:497)<br> org.openqa.selenium.json.JsonOutput.lambda$new$23(JsonOutput.java:204)<br> org.openqa.selenium.json.JsonOutput.write0(JsonOutput.java:409)<br> org.openqa.selenium.json.JsonOutput.lambda$new$24(JsonOutput.java:222)<br> java.base/java.util.Map.forEach(Map.java:661)<br> org.openqa.selenium.json.JsonOutput.lambda$new$25(JsonOutput.java:217)<br> org.openqa.selenium.json.JsonOutput.write0(JsonOutput.java:409)<br> org.openqa.selenium.json.JsonOutput.write(JsonOutput.java:400)<br> org.openqa.selenium.json.Json.toJson(Json.java:133)<br> org.openqa.selenium.json.Json.toJson(Json.java:119)<br> org.openqa.selenium.remote.codec.AbstractHttpCommandCodec.encode(AbstractHttpCommandCodec.java:245)<br> org.openqa.selenium.remote.codec.AbstractHttpCommandCodec.encode(AbstractHttpCommandCodec.java:111)<br> org.openqa.selenium.remote.HttpCommandExecutor.execute(HttpCommandExecutor.java:178)<br> org.openqa.selenium.remote.service.DriverCommandExecutor.invokeExecute(DriverCommandExecutor.java:216)<br> org.openqa.selenium.remote.service.DriverCommandExecutor.execute(DriverCommandExecutor.java:174)<br> org.openqa.selenium.remote.RemoteWebDriver.execute(RemoteWebDriver.java:545)<br> org.openqa.selenium.remote.RemoteWebDriver.perform(RemoteWebDriver.java:631)<br> org.openqa.selenium.interactions.Actions$BuiltAction.perform(Actions.java:613)<br> org.openqa.selenium.interactions.Actions.perform(Actions.java:578)<br> com.nxtgenai.pages.NxtGenHomePage.navigateToAlertPopUp(NxtGenHomePage.java:141)<br> com.nxtgenai.testcases.ScreenNavigation.validatingAlertPopUpNavigation(ScreenNavigation.java:38)<br> java.base/jdk.internal.reflect.NativeMethodAccessorImpl.invoke0(Native Method)<br> java.base/jdk.internal.reflect.NativeMethodAccessorImpl.invoke(NativeMethodAccessorImpl.java:62)<br> java.base/jdk.internal.reflect.DelegatingMethodAccessorImpl.invoke(DelegatingMethodAccessorImpl.java:43)<br> java.base/java.lang.reflect.Method.invoke(Method.java:566)<br> org.testng.internal.invokers.MethodInvocationHelper.invokeMethod(MethodInvocationHelper.java:141)<br> org.testng.internal.invokers.TestInvoker.invokeMethod(TestInvoker.java:686)<br> org.testng.internal.invokers.TestInvoker.invokeTestMethod(TestInvoker.java:230)<br> org.testng.internal.invokers.MethodRunner.runInSequence(MethodRunner.java:63)<br> org.testng.internal.invokers.TestInvoker$MethodInvocationAgent.invoke(TestInvoker.java:992)<br> org.testng.internal.invokers.TestInvoker.invokeTestMethods(TestInvoker.java:203)<br> org.testng.internal.invokers.TestMethodWorker.invokeTestMethods(TestMethodWorker.java:154)<br> org.testng.internal.invokers.TestMethodWorker.run(TestMethodWorker.java:134)<br> java.base/java.util.ArrayList.forEach(ArrayList.java:1541)<br> org.testng.TestRunner.privateRun(TestRunner.java:739)<br> org.testng.TestRunner.run(TestRunner.java:614)<br> org.testng.SuiteRunner.runTest(SuiteRunner.java:421)<br> org.testng.SuiteRunner.runSequentially(SuiteRunner.java:413)<br> org.testng.SuiteRunner.privateRun(SuiteRunner.java:373)<br> org.testng.SuiteRunner.run(SuiteRunner.java:312)<br> org.testng.SuiteRunnerWorker.runSuite(SuiteRunnerWorker.java:52)<br> org.testng.SuiteRunnerWorker.run(SuiteRunnerWorker.java:95)<br> org.testng.TestNG.runSuitesSequentially(TestNG.java:1274)<br> org.testng.TestNG.runSuitesLocally(TestNG.java:1208)<br> org.testng.TestNG.runSuites(TestNG.java:1112)<br> org.testng.TestNG.run(TestNG.java:1079)<br> org.testng.remote.AbstractRemoteTestNG.run(AbstractRemoteTestNG.java:115)<br> org.testng.remote.RemoteTestNG.initAndRun(RemoteTestNG.java:293)<br> org.testng.remote.RemoteTestNG.main(RemoteTestNG.java:91)]</details> 

        </td>
      </tr>
      <tr class="event-row">
        <td><span class="badge log fail-bg">Fail</span></td>
        <td>1:18:08 PM</td>
        <td>
          <b><font color=red>Screenshot of failure</font></b>
    <div class="row mb-3"><div class="col-md-3">
<img data-featherlight='Mon_Mar_03_13_18_08_IST_2025.jpg' src="Mon_Mar_03_13_18_08_IST_2025.jpg">
    
    </div></div>
        </td>
      </tr>
      <tr class="event-row">
        <td><span class="badge log fail-bg">Fail</span></td>
        <td>1:18:08 PM</td>
        <td>
          <span class='badge white-text red'>TEST CASE FAILED</span>
        </td>
      </tr>
  </tbody>
</table>
</div>
          </div>
        </li>
        <li class="test-item"  status="fail" test-id="6"
          author=""
          tag=""
          device="">
          <div class="test-detail">
            <p class="name">com.nxtgenai.testcases.ScreenNavigation     @TestCase : validatingMultipleWindowsNavigation</p>
            <p class="text-sm">
              <span>1:18:08 PM</span> / <span>00:00:00:158</span>
              <span class="badge fail-bg log float-right">Fail</span>
            </p>
          </div>
          <div class="test-contents d-none">
<div class="detail-head">
<div class="p-v-10">
<div class="info">
<h5 class="test-status text-fail">com.nxtgenai.testcases.ScreenNavigation @TestCase : validatingMultipleWindowsNavigation</h5>
<span class='badge badge-success'>03.03.2025 1:18:08 PM</span>
<span class='badge badge-danger'>03.03.2025 1:18:08 PM</span>
<span class='badge badge-default'>00:00:00:158</span>
&middot; <span class='uri-anchor badge badge-default'>#test-id=6</span>
<span class='badge badge-default pointer float-right ml-1 et'><i class="fa fa-chevron-down"></i></span>
<span class='badge badge-default pointer float-right ct'><i class="fa fa-chevron-up"></i></span>
</div>
</div>
</div><div class="detail-body mt-4">
<table class="table table-sm">
  <thead><tr><th class="status-col">Status</th><th class="timestamp-col">Timestamp</th><th class="details-col">Details</th></tr></thead>
  <tbody>
      <tr class="event-row">
        <td><span class="badge log fail-bg">Fail</span></td>
        <td>1:18:08 PM</td>
        <td>
          <details><summary><b><font color=red>Exception Occured:Click to see</font></b ></summary>[org.openqa.selenium.json.JsonOutput.convertUsingMethod(JsonOutput.java:520)<br> org.openqa.selenium.json.JsonOutput.lambda$new$16(JsonOutput.java:182)<br> org.openqa.selenium.json.JsonOutput.write0(JsonOutput.java:409)<br> org.openqa.selenium.json.JsonOutput.lambda$new$22(JsonOutput.java:204)<br> java.base/java.util.stream.ForEachOps$ForEachOp$OfRef.accept(ForEachOps.java:183)<br> java.base/java.util.stream.ReferencePipeline$2$1.accept(ReferencePipeline.java:177)<br> java.base/java.util.Iterator.forEachRemaining(Iterator.java:133)<br> java.base/java.util.Spliterators$IteratorSpliterator.forEachRemaining(Spliterators.java:1801)<br> java.base/java.util.stream.AbstractPipeline.copyInto(AbstractPipeline.java:484)<br> java.base/java.util.stream.AbstractPipeline.wrapAndCopyInto(AbstractPipeline.java:474)<br> java.base/java.util.stream.ForEachOps$ForEachOp.evaluateSequential(ForEachOps.java:150)<br> java.base/java.util.stream.ForEachOps$ForEachOp$OfRef.evaluateSequential(ForEachOps.java:173)<br> java.base/java.util.stream.AbstractPipeline.evaluate(AbstractPipeline.java:234)<br> java.base/java.util.stream.ReferencePipeline.forEach(ReferencePipeline.java:497)<br> org.openqa.selenium.json.JsonOutput.lambda$new$23(JsonOutput.java:204)<br> org.openqa.selenium.json.JsonOutput.write0(JsonOutput.java:409)<br> org.openqa.selenium.json.JsonOutput.lambda$new$24(JsonOutput.java:222)<br> java.base/java.util.Map.forEach(Map.java:661)<br> org.openqa.selenium.json.JsonOutput.lambda$new$25(JsonOutput.java:217)<br> org.openqa.selenium.json.JsonOutput.write0(JsonOutput.java:409)<br> org.openqa.selenium.json.JsonOutput.write(JsonOutput.java:400)<br> org.openqa.selenium.json.Json.toJson(Json.java:133)<br> org.openqa.selenium.json.Json.toJson(Json.java:119)<br> org.openqa.selenium.remote.codec.AbstractHttpCommandCodec.encode(AbstractHttpCommandCodec.java:245)<br> org.openqa.selenium.remote.codec.AbstractHttpCommandCodec.encode(AbstractHttpCommandCodec.java:111)<br> org.openqa.selenium.remote.HttpCommandExecutor.execute(HttpCommandExecutor.java:178)<br> org.openqa.selenium.remote.service.DriverCommandExecutor.invokeExecute(DriverCommandExecutor.java:216)<br> org.openqa.selenium.remote.service.DriverCommandExecutor.execute(DriverCommandExecutor.java:174)<br> org.openqa.selenium.remote.RemoteWebDriver.execute(RemoteWebDriver.java:545)<br> org.openqa.selenium.remote.RemoteWebDriver.perform(RemoteWebDriver.java:631)<br> org.openqa.selenium.interactions.Actions$BuiltAction.perform(Actions.java:613)<br> org.openqa.selenium.interactions.Actions.perform(Actions.java:578)<br> com.nxtgenai.pages.NxtGenHomePage.navigateToMultipleWindows(NxtGenHomePage.java:150)<br> com.nxtgenai.testcases.ScreenNavigation.validatingMultipleWindowsNavigation(ScreenNavigation.java:44)<br> java.base/jdk.internal.reflect.NativeMethodAccessorImpl.invoke0(Native Method)<br> java.base/jdk.internal.reflect.NativeMethodAccessorImpl.invoke(NativeMethodAccessorImpl.java:62)<br> java.base/jdk.internal.reflect.DelegatingMethodAccessorImpl.invoke(DelegatingMethodAccessorImpl.java:43)<br> java.base/java.lang.reflect.Method.invoke(Method.java:566)<br> org.testng.internal.invokers.MethodInvocationHelper.invokeMethod(MethodInvocationHelper.java:141)<br> org.testng.internal.invokers.TestInvoker.invokeMethod(TestInvoker.java:686)<br> org.testng.internal.invokers.TestInvoker.invokeTestMethod(TestInvoker.java:230)<br> org.testng.internal.invokers.MethodRunner.runInSequence(MethodRunner.java:63)<br> org.testng.internal.invokers.TestInvoker$MethodInvocationAgent.invoke(TestInvoker.java:992)<br> org.testng.internal.invokers.TestInvoker.invokeTestMethods(TestInvoker.java:203)<br> org.testng.internal.invokers.TestMethodWorker.invokeTestMethods(TestMethodWorker.java:154)<br> org.testng.internal.invokers.TestMethodWorker.run(TestMethodWorker.java:134)<br> java.base/java.util.ArrayList.forEach(ArrayList.java:1541)<br> org.testng.TestRunner.privateRun(TestRunner.java:739)<br> org.testng.TestRunner.run(TestRunner.java:614)<br> org.testng.SuiteRunner.runTest(SuiteRunner.java:421)<br> org.testng.SuiteRunner.runSequentially(SuiteRunner.java:413)<br> org.testng.SuiteRunner.privateRun(SuiteRunner.java:373)<br> org.testng.SuiteRunner.run(SuiteRunner.java:312)<br> org.testng.SuiteRunnerWorker.runSuite(SuiteRunnerWorker.java:52)<br> org.testng.SuiteRunnerWorker.run(SuiteRunnerWorker.java:95)<br> org.testng.TestNG.runSuitesSequentially(TestNG.java:1274)<br> org.testng.TestNG.runSuitesLocally(TestNG.java:1208)<br> org.testng.TestNG.runSuites(TestNG.java:1112)<br> org.testng.TestNG.run(TestNG.java:1079)<br> org.testng.remote.AbstractRemoteTestNG.run(AbstractRemoteTestNG.java:115)<br> org.testng.remote.RemoteTestNG.initAndRun(RemoteTestNG.java:293)<br> org.testng.remote.RemoteTestNG.main(RemoteTestNG.java:91)]</details> 

        </td>
      </tr>
      <tr class="event-row">
        <td><span class="badge log fail-bg">Fail</span></td>
        <td>1:18:08 PM</td>
        <td>
          <b><font color=red>Screenshot of failure</font></b>
    <div class="row mb-3"><div class="col-md-3">
<img data-featherlight='Mon_Mar_03_13_18_08_IST_2025.jpg' src="Mon_Mar_03_13_18_08_IST_2025.jpg">
    
    </div></div>
        </td>
      </tr>
      <tr class="event-row">
        <td><span class="badge log fail-bg">Fail</span></td>
        <td>1:18:08 PM</td>
        <td>
          <span class='badge white-text red'>TEST CASE FAILED</span>
        </td>
      </tr>
  </tbody>
</table>
</div>
          </div>
        </li>
        <li class="test-item"  status="fail" test-id="7"
          author=""
          tag=""
          device="">
          <div class="test-detail">
            <p class="name">com.nxtgenai.testcases.ScreenNavigation     @TestCase : validatingWebTableNavigation</p>
            <p class="text-sm">
              <span>1:18:08 PM</span> / <span>00:00:02:237</span>
              <span class="badge fail-bg log float-right">Fail</span>
            </p>
          </div>
          <div class="test-contents d-none">
<div class="detail-head">
<div class="p-v-10">
<div class="info">
<h5 class="test-status text-fail">com.nxtgenai.testcases.ScreenNavigation @TestCase : validatingWebTableNavigation</h5>
<span class='badge badge-success'>03.03.2025 1:18:08 PM</span>
<span class='badge badge-danger'>03.03.2025 1:18:11 PM</span>
<span class='badge badge-default'>00:00:02:237</span>
&middot; <span class='uri-anchor badge badge-default'>#test-id=7</span>
<span class='badge badge-default pointer float-right ml-1 et'><i class="fa fa-chevron-down"></i></span>
<span class='badge badge-default pointer float-right ct'><i class="fa fa-chevron-up"></i></span>
</div>
</div>
</div><div class="detail-body mt-4">
<table class="table table-sm">
  <thead><tr><th class="status-col">Status</th><th class="timestamp-col">Timestamp</th><th class="details-col">Details</th></tr></thead>
  <tbody>
      <tr class="event-row">
        <td><span class="badge log fail-bg">Fail</span></td>
        <td>1:18:09 PM</td>
        <td>
          <details><summary><b><font color=red>Exception Occured:Click to see</font></b ></summary>[org.openqa.selenium.json.JsonOutput.convertUsingMethod(JsonOutput.java:520)<br> org.openqa.selenium.json.JsonOutput.lambda$new$16(JsonOutput.java:182)<br> org.openqa.selenium.json.JsonOutput.write0(JsonOutput.java:409)<br> org.openqa.selenium.json.JsonOutput.lambda$new$22(JsonOutput.java:204)<br> java.base/java.util.stream.ForEachOps$ForEachOp$OfRef.accept(ForEachOps.java:183)<br> java.base/java.util.stream.ReferencePipeline$2$1.accept(ReferencePipeline.java:177)<br> java.base/java.util.Iterator.forEachRemaining(Iterator.java:133)<br> java.base/java.util.Spliterators$IteratorSpliterator.forEachRemaining(Spliterators.java:1801)<br> java.base/java.util.stream.AbstractPipeline.copyInto(AbstractPipeline.java:484)<br> java.base/java.util.stream.AbstractPipeline.wrapAndCopyInto(AbstractPipeline.java:474)<br> java.base/java.util.stream.ForEachOps$ForEachOp.evaluateSequential(ForEachOps.java:150)<br> java.base/java.util.stream.ForEachOps$ForEachOp$OfRef.evaluateSequential(ForEachOps.java:173)<br> java.base/java.util.stream.AbstractPipeline.evaluate(AbstractPipeline.java:234)<br> java.base/java.util.stream.ReferencePipeline.forEach(ReferencePipeline.java:497)<br> org.openqa.selenium.json.JsonOutput.lambda$new$23(JsonOutput.java:204)<br> org.openqa.selenium.json.JsonOutput.write0(JsonOutput.java:409)<br> org.openqa.selenium.json.JsonOutput.lambda$new$24(JsonOutput.java:222)<br> java.base/java.util.Map.forEach(Map.java:661)<br> org.openqa.selenium.json.JsonOutput.lambda$new$25(JsonOutput.java:217)<br> org.openqa.selenium.json.JsonOutput.write0(JsonOutput.java:409)<br> org.openqa.selenium.json.JsonOutput.write(JsonOutput.java:400)<br> org.openqa.selenium.json.Json.toJson(Json.java:133)<br> org.openqa.selenium.json.Json.toJson(Json.java:119)<br> org.openqa.selenium.remote.codec.AbstractHttpCommandCodec.encode(AbstractHttpCommandCodec.java:245)<br> org.openqa.selenium.remote.codec.AbstractHttpCommandCodec.encode(AbstractHttpCommandCodec.java:111)<br> org.openqa.selenium.remote.HttpCommandExecutor.execute(HttpCommandExecutor.java:178)<br> org.openqa.selenium.remote.service.DriverCommandExecutor.invokeExecute(DriverCommandExecutor.java:216)<br> org.openqa.selenium.remote.service.DriverCommandExecutor.execute(DriverCommandExecutor.java:174)<br> org.openqa.selenium.remote.RemoteWebDriver.execute(RemoteWebDriver.java:545)<br> org.openqa.selenium.remote.RemoteWebDriver.perform(RemoteWebDriver.java:631)<br> org.openqa.selenium.interactions.Actions$BuiltAction.perform(Actions.java:613)<br> org.openqa.selenium.interactions.Actions.perform(Actions.java:578)<br> com.nxtgenai.pages.NxtGenHomePage.navigateToWebTable(NxtGenHomePage.java:159)<br> com.nxtgenai.testcases.ScreenNavigation.validatingWebTableNavigation(ScreenNavigation.java:50)<br> java.base/jdk.internal.reflect.NativeMethodAccessorImpl.invoke0(Native Method)<br> java.base/jdk.internal.reflect.NativeMethodAccessorImpl.invoke(NativeMethodAccessorImpl.java:62)<br> java.base/jdk.internal.reflect.DelegatingMethodAccessorImpl.invoke(DelegatingMethodAccessorImpl.java:43)<br> java.base/java.lang.reflect.Method.invoke(Method.java:566)<br> org.testng.internal.invokers.MethodInvocationHelper.invokeMethod(MethodInvocationHelper.java:141)<br> org.testng.internal.invokers.TestInvoker.invokeMethod(TestInvoker.java:686)<br> org.testng.internal.invokers.TestInvoker.invokeTestMethod(TestInvoker.java:230)<br> org.testng.internal.invokers.MethodRunner.runInSequence(MethodRunner.java:63)<br> org.testng.internal.invokers.TestInvoker$MethodInvocationAgent.invoke(TestInvoker.java:992)<br> org.testng.internal.invokers.TestInvoker.invokeTestMethods(TestInvoker.java:203)<br> org.testng.internal.invokers.TestMethodWorker.invokeTestMethods(TestMethodWorker.java:154)<br> org.testng.internal.invokers.TestMethodWorker.run(TestMethodWorker.java:134)<br> java.base/java.util.ArrayList.forEach(ArrayList.java:1541)<br> org.testng.TestRunner.privateRun(TestRunner.java:739)<br> org.testng.TestRunner.run(TestRunner.java:614)<br> org.testng.SuiteRunner.runTest(SuiteRunner.java:421)<br> org.testng.SuiteRunner.runSequentially(SuiteRunner.java:413)<br> org.testng.SuiteRunner.privateRun(SuiteRunner.java:373)<br> org.testng.SuiteRunner.run(SuiteRunner.java:312)<br> org.testng.SuiteRunnerWorker.runSuite(SuiteRunnerWorker.java:52)<br> org.testng.SuiteRunnerWorker.run(SuiteRunnerWorker.java:95)<br> org.testng.TestNG.runSuitesSequentially(TestNG.java:1274)<br> org.testng.TestNG.runSuitesLocally(TestNG.java:1208)<br> org.testng.TestNG.runSuites(TestNG.java:1112)<br> org.testng.TestNG.run(TestNG.java:1079)<br> org.testng.remote.AbstractRemoteTestNG.run(AbstractRemoteTestNG.java:115)<br> org.testng.remote.RemoteTestNG.initAndRun(RemoteTestNG.java:293)<br> org.testng.remote.RemoteTestNG.main(RemoteTestNG.java:91)]</details> 

        </td>
      </tr>
      <tr class="event-row">
        <td><span class="badge log fail-bg">Fail</span></td>
        <td>1:18:11 PM</td>
        <td>
          <b><font color=red>Screenshot of failure</font></b>
    <div class="row mb-3"><div class="col-md-3">
<img data-featherlight='Mon_Mar_03_13_18_11_IST_2025.jpg' src="Mon_Mar_03_13_18_11_IST_2025.jpg">
    
    </div></div>
        </td>
      </tr>
      <tr class="event-row">
        <td><span class="badge log fail-bg">Fail</span></td>
        <td>1:18:11 PM</td>
        <td>
          <span class='badge white-text red'>TEST CASE FAILED</span>
        </td>
      </tr>
  </tbody>
</table>
</div>
          </div>
        </li>
        <li class="test-item"  status="fail" test-id="8"
          author=""
          tag=""
          device="">
          <div class="test-detail">
            <p class="name">com.nxtgenai.testcases.ScreenNavigation     @TestCase : validatingMouseEventNavigation</p>
            <p class="text-sm">
              <span>1:18:11 PM</span> / <span>00:00:00:191</span>
              <span class="badge fail-bg log float-right">Fail</span>
            </p>
          </div>
          <div class="test-contents d-none">
<div class="detail-head">
<div class="p-v-10">
<div class="info">
<h5 class="test-status text-fail">com.nxtgenai.testcases.ScreenNavigation @TestCase : validatingMouseEventNavigation</h5>
<span class='badge badge-success'>03.03.2025 1:18:11 PM</span>
<span class='badge badge-danger'>03.03.2025 1:18:11 PM</span>
<span class='badge badge-default'>00:00:00:191</span>
&middot; <span class='uri-anchor badge badge-default'>#test-id=8</span>
<span class='badge badge-default pointer float-right ml-1 et'><i class="fa fa-chevron-down"></i></span>
<span class='badge badge-default pointer float-right ct'><i class="fa fa-chevron-up"></i></span>
</div>
</div>
</div><div class="detail-body mt-4">
<table class="table table-sm">
  <thead><tr><th class="status-col">Status</th><th class="timestamp-col">Timestamp</th><th class="details-col">Details</th></tr></thead>
  <tbody>
      <tr class="event-row">
        <td><span class="badge log fail-bg">Fail</span></td>
        <td>1:18:11 PM</td>
        <td>
          <details><summary><b><font color=red>Exception Occured:Click to see</font></b ></summary>[org.openqa.selenium.json.JsonOutput.convertUsingMethod(JsonOutput.java:520)<br> org.openqa.selenium.json.JsonOutput.lambda$new$16(JsonOutput.java:182)<br> org.openqa.selenium.json.JsonOutput.write0(JsonOutput.java:409)<br> org.openqa.selenium.json.JsonOutput.lambda$new$22(JsonOutput.java:204)<br> java.base/java.util.stream.ForEachOps$ForEachOp$OfRef.accept(ForEachOps.java:183)<br> java.base/java.util.stream.ReferencePipeline$2$1.accept(ReferencePipeline.java:177)<br> java.base/java.util.Iterator.forEachRemaining(Iterator.java:133)<br> java.base/java.util.Spliterators$IteratorSpliterator.forEachRemaining(Spliterators.java:1801)<br> java.base/java.util.stream.AbstractPipeline.copyInto(AbstractPipeline.java:484)<br> java.base/java.util.stream.AbstractPipeline.wrapAndCopyInto(AbstractPipeline.java:474)<br> java.base/java.util.stream.ForEachOps$ForEachOp.evaluateSequential(ForEachOps.java:150)<br> java.base/java.util.stream.ForEachOps$ForEachOp$OfRef.evaluateSequential(ForEachOps.java:173)<br> java.base/java.util.stream.AbstractPipeline.evaluate(AbstractPipeline.java:234)<br> java.base/java.util.stream.ReferencePipeline.forEach(ReferencePipeline.java:497)<br> org.openqa.selenium.json.JsonOutput.lambda$new$23(JsonOutput.java:204)<br> org.openqa.selenium.json.JsonOutput.write0(JsonOutput.java:409)<br> org.openqa.selenium.json.JsonOutput.lambda$new$24(JsonOutput.java:222)<br> java.base/java.util.Map.forEach(Map.java:661)<br> org.openqa.selenium.json.JsonOutput.lambda$new$25(JsonOutput.java:217)<br> org.openqa.selenium.json.JsonOutput.write0(JsonOutput.java:409)<br> org.openqa.selenium.json.JsonOutput.write(JsonOutput.java:400)<br> org.openqa.selenium.json.Json.toJson(Json.java:133)<br> org.openqa.selenium.json.Json.toJson(Json.java:119)<br> org.openqa.selenium.remote.codec.AbstractHttpCommandCodec.encode(AbstractHttpCommandCodec.java:245)<br> org.openqa.selenium.remote.codec.AbstractHttpCommandCodec.encode(AbstractHttpCommandCodec.java:111)<br> org.openqa.selenium.remote.HttpCommandExecutor.execute(HttpCommandExecutor.java:178)<br> org.openqa.selenium.remote.service.DriverCommandExecutor.invokeExecute(DriverCommandExecutor.java:216)<br> org.openqa.selenium.remote.service.DriverCommandExecutor.execute(DriverCommandExecutor.java:174)<br> org.openqa.selenium.remote.RemoteWebDriver.execute(RemoteWebDriver.java:545)<br> org.openqa.selenium.remote.RemoteWebDriver.perform(RemoteWebDriver.java:631)<br> org.openqa.selenium.interactions.Actions$BuiltAction.perform(Actions.java:613)<br> org.openqa.selenium.interactions.Actions.perform(Actions.java:578)<br> com.nxtgenai.pages.NxtGenHomePage.navigateToMouseEvent(NxtGenHomePage.java:168)<br> com.nxtgenai.testcases.ScreenNavigation.validatingMouseEventNavigation(ScreenNavigation.java:56)<br> java.base/jdk.internal.reflect.NativeMethodAccessorImpl.invoke0(Native Method)<br> java.base/jdk.internal.reflect.NativeMethodAccessorImpl.invoke(NativeMethodAccessorImpl.java:62)<br> java.base/jdk.internal.reflect.DelegatingMethodAccessorImpl.invoke(DelegatingMethodAccessorImpl.java:43)<br> java.base/java.lang.reflect.Method.invoke(Method.java:566)<br> org.testng.internal.invokers.MethodInvocationHelper.invokeMethod(MethodInvocationHelper.java:141)<br> org.testng.internal.invokers.TestInvoker.invokeMethod(TestInvoker.java:686)<br> org.testng.internal.invokers.TestInvoker.invokeTestMethod(TestInvoker.java:230)<br> org.testng.internal.invokers.MethodRunner.runInSequence(MethodRunner.java:63)<br> org.testng.internal.invokers.TestInvoker$MethodInvocationAgent.invoke(TestInvoker.java:992)<br> org.testng.internal.invokers.TestInvoker.invokeTestMethods(TestInvoker.java:203)<br> org.testng.internal.invokers.TestMethodWorker.invokeTestMethods(TestMethodWorker.java:154)<br> org.testng.internal.invokers.TestMethodWorker.run(TestMethodWorker.java:134)<br> java.base/java.util.ArrayList.forEach(ArrayList.java:1541)<br> org.testng.TestRunner.privateRun(TestRunner.java:739)<br> org.testng.TestRunner.run(TestRunner.java:614)<br> org.testng.SuiteRunner.runTest(SuiteRunner.java:421)<br> org.testng.SuiteRunner.runSequentially(SuiteRunner.java:413)<br> org.testng.SuiteRunner.privateRun(SuiteRunner.java:373)<br> org.testng.SuiteRunner.run(SuiteRunner.java:312)<br> org.testng.SuiteRunnerWorker.runSuite(SuiteRunnerWorker.java:52)<br> org.testng.SuiteRunnerWorker.run(SuiteRunnerWorker.java:95)<br> org.testng.TestNG.runSuitesSequentially(TestNG.java:1274)<br> org.testng.TestNG.runSuitesLocally(TestNG.java:1208)<br> org.testng.TestNG.runSuites(TestNG.java:1112)<br> org.testng.TestNG.run(TestNG.java:1079)<br> org.testng.remote.AbstractRemoteTestNG.run(AbstractRemoteTestNG.java:115)<br> org.testng.remote.RemoteTestNG.initAndRun(RemoteTestNG.java:293)<br> org.testng.remote.RemoteTestNG.main(RemoteTestNG.java:91)]</details> 

        </td>
      </tr>
      <tr class="event-row">
        <td><span class="badge log fail-bg">Fail</span></td>
        <td>1:18:11 PM</td>
        <td>
          <b><font color=red>Screenshot of failure</font></b>
    <div class="row mb-3"><div class="col-md-3">
<img data-featherlight='Mon_Mar_03_13_18_11_IST_2025.jpg' src="Mon_Mar_03_13_18_11_IST_2025.jpg">
    
    </div></div>
        </td>
      </tr>
      <tr class="event-row">
        <td><span class="badge log fail-bg">Fail</span></td>
        <td>1:18:11 PM</td>
        <td>
          <span class='badge white-text red'>TEST CASE FAILED</span>
        </td>
      </tr>
  </tbody>
</table>
</div>
          </div>
        </li>
        <li class="test-item"  status="fail" test-id="9"
          author=""
          tag=""
          device="">
          <div class="test-detail">
            <p class="name">com.nxtgenai.testcases.ScreenNavigation     @TestCase : validatingProgressBarNavigation</p>
            <p class="text-sm">
              <span>1:18:11 PM</span> / <span>00:00:00:185</span>
              <span class="badge fail-bg log float-right">Fail</span>
            </p>
          </div>
          <div class="test-contents d-none">
<div class="detail-head">
<div class="p-v-10">
<div class="info">
<h5 class="test-status text-fail">com.nxtgenai.testcases.ScreenNavigation @TestCase : validatingProgressBarNavigation</h5>
<span class='badge badge-success'>03.03.2025 1:18:11 PM</span>
<span class='badge badge-danger'>03.03.2025 1:18:11 PM</span>
<span class='badge badge-default'>00:00:00:185</span>
&middot; <span class='uri-anchor badge badge-default'>#test-id=9</span>
<span class='badge badge-default pointer float-right ml-1 et'><i class="fa fa-chevron-down"></i></span>
<span class='badge badge-default pointer float-right ct'><i class="fa fa-chevron-up"></i></span>
</div>
</div>
</div><div class="detail-body mt-4">
<table class="table table-sm">
  <thead><tr><th class="status-col">Status</th><th class="timestamp-col">Timestamp</th><th class="details-col">Details</th></tr></thead>
  <tbody>
      <tr class="event-row">
        <td><span class="badge log fail-bg">Fail</span></td>
        <td>1:18:11 PM</td>
        <td>
          <details><summary><b><font color=red>Exception Occured:Click to see</font></b ></summary>[org.openqa.selenium.json.JsonOutput.convertUsingMethod(JsonOutput.java:520)<br> org.openqa.selenium.json.JsonOutput.lambda$new$16(JsonOutput.java:182)<br> org.openqa.selenium.json.JsonOutput.write0(JsonOutput.java:409)<br> org.openqa.selenium.json.JsonOutput.lambda$new$22(JsonOutput.java:204)<br> java.base/java.util.stream.ForEachOps$ForEachOp$OfRef.accept(ForEachOps.java:183)<br> java.base/java.util.stream.ReferencePipeline$2$1.accept(ReferencePipeline.java:177)<br> java.base/java.util.Iterator.forEachRemaining(Iterator.java:133)<br> java.base/java.util.Spliterators$IteratorSpliterator.forEachRemaining(Spliterators.java:1801)<br> java.base/java.util.stream.AbstractPipeline.copyInto(AbstractPipeline.java:484)<br> java.base/java.util.stream.AbstractPipeline.wrapAndCopyInto(AbstractPipeline.java:474)<br> java.base/java.util.stream.ForEachOps$ForEachOp.evaluateSequential(ForEachOps.java:150)<br> java.base/java.util.stream.ForEachOps$ForEachOp$OfRef.evaluateSequential(ForEachOps.java:173)<br> java.base/java.util.stream.AbstractPipeline.evaluate(AbstractPipeline.java:234)<br> java.base/java.util.stream.ReferencePipeline.forEach(ReferencePipeline.java:497)<br> org.openqa.selenium.json.JsonOutput.lambda$new$23(JsonOutput.java:204)<br> org.openqa.selenium.json.JsonOutput.write0(JsonOutput.java:409)<br> org.openqa.selenium.json.JsonOutput.lambda$new$24(JsonOutput.java:222)<br> java.base/java.util.Map.forEach(Map.java:661)<br> org.openqa.selenium.json.JsonOutput.lambda$new$25(JsonOutput.java:217)<br> org.openqa.selenium.json.JsonOutput.write0(JsonOutput.java:409)<br> org.openqa.selenium.json.JsonOutput.write(JsonOutput.java:400)<br> org.openqa.selenium.json.Json.toJson(Json.java:133)<br> org.openqa.selenium.json.Json.toJson(Json.java:119)<br> org.openqa.selenium.remote.codec.AbstractHttpCommandCodec.encode(AbstractHttpCommandCodec.java:245)<br> org.openqa.selenium.remote.codec.AbstractHttpCommandCodec.encode(AbstractHttpCommandCodec.java:111)<br> org.openqa.selenium.remote.HttpCommandExecutor.execute(HttpCommandExecutor.java:178)<br> org.openqa.selenium.remote.service.DriverCommandExecutor.invokeExecute(DriverCommandExecutor.java:216)<br> org.openqa.selenium.remote.service.DriverCommandExecutor.execute(DriverCommandExecutor.java:174)<br> org.openqa.selenium.remote.RemoteWebDriver.execute(RemoteWebDriver.java:545)<br> org.openqa.selenium.remote.RemoteWebDriver.perform(RemoteWebDriver.java:631)<br> org.openqa.selenium.interactions.Actions$BuiltAction.perform(Actions.java:613)<br> org.openqa.selenium.interactions.Actions.perform(Actions.java:578)<br> com.nxtgenai.pages.NxtGenHomePage.navigateToProgressBar(NxtGenHomePage.java:177)<br> com.nxtgenai.testcases.ScreenNavigation.validatingProgressBarNavigation(ScreenNavigation.java:62)<br> java.base/jdk.internal.reflect.NativeMethodAccessorImpl.invoke0(Native Method)<br> java.base/jdk.internal.reflect.NativeMethodAccessorImpl.invoke(NativeMethodAccessorImpl.java:62)<br> java.base/jdk.internal.reflect.DelegatingMethodAccessorImpl.invoke(DelegatingMethodAccessorImpl.java:43)<br> java.base/java.lang.reflect.Method.invoke(Method.java:566)<br> org.testng.internal.invokers.MethodInvocationHelper.invokeMethod(MethodInvocationHelper.java:141)<br> org.testng.internal.invokers.TestInvoker.invokeMethod(TestInvoker.java:686)<br> org.testng.internal.invokers.TestInvoker.invokeTestMethod(TestInvoker.java:230)<br> org.testng.internal.invokers.MethodRunner.runInSequence(MethodRunner.java:63)<br> org.testng.internal.invokers.TestInvoker$MethodInvocationAgent.invoke(TestInvoker.java:992)<br> org.testng.internal.invokers.TestInvoker.invokeTestMethods(TestInvoker.java:203)<br> org.testng.internal.invokers.TestMethodWorker.invokeTestMethods(TestMethodWorker.java:154)<br> org.testng.internal.invokers.TestMethodWorker.run(TestMethodWorker.java:134)<br> java.base/java.util.ArrayList.forEach(ArrayList.java:1541)<br> org.testng.TestRunner.privateRun(TestRunner.java:739)<br> org.testng.TestRunner.run(TestRunner.java:614)<br> org.testng.SuiteRunner.runTest(SuiteRunner.java:421)<br> org.testng.SuiteRunner.runSequentially(SuiteRunner.java:413)<br> org.testng.SuiteRunner.privateRun(SuiteRunner.java:373)<br> org.testng.SuiteRunner.run(SuiteRunner.java:312)<br> org.testng.SuiteRunnerWorker.runSuite(SuiteRunnerWorker.java:52)<br> org.testng.SuiteRunnerWorker.run(SuiteRunnerWorker.java:95)<br> org.testng.TestNG.runSuitesSequentially(TestNG.java:1274)<br> org.testng.TestNG.runSuitesLocally(TestNG.java:1208)<br> org.testng.TestNG.runSuites(TestNG.java:1112)<br> org.testng.TestNG.run(TestNG.java:1079)<br> org.testng.remote.AbstractRemoteTestNG.run(AbstractRemoteTestNG.java:115)<br> org.testng.remote.RemoteTestNG.initAndRun(RemoteTestNG.java:293)<br> org.testng.remote.RemoteTestNG.main(RemoteTestNG.java:91)]</details> 

        </td>
      </tr>
      <tr class="event-row">
        <td><span class="badge log fail-bg">Fail</span></td>
        <td>1:18:11 PM</td>
        <td>
          <b><font color=red>Screenshot of failure</font></b>
    <div class="row mb-3"><div class="col-md-3">
<img data-featherlight='Mon_Mar_03_13_18_11_IST_2025.jpg' src="Mon_Mar_03_13_18_11_IST_2025.jpg">
    
    </div></div>
        </td>
      </tr>
      <tr class="event-row">
        <td><span class="badge log fail-bg">Fail</span></td>
        <td>1:18:11 PM</td>
        <td>
          <span class='badge white-text red'>TEST CASE FAILED</span>
        </td>
      </tr>
  </tbody>
</table>
</div>
          </div>
        </li>
        <li class="test-item"  status="fail" test-id="10"
          author=""
          tag=""
          device="">
          <div class="test-detail">
            <p class="name">com.nxtgenai.testcases.ScreenNavigation     @TestCase : validatingDynamicTransactionNavigation</p>
            <p class="text-sm">
              <span>1:18:11 PM</span> / <span>00:00:00:151</span>
              <span class="badge fail-bg log float-right">Fail</span>
            </p>
          </div>
          <div class="test-contents d-none">
<div class="detail-head">
<div class="p-v-10">
<div class="info">
<h5 class="test-status text-fail">com.nxtgenai.testcases.ScreenNavigation @TestCase : validatingDynamicTransactionNavigation</h5>
<span class='badge badge-success'>03.03.2025 1:18:11 PM</span>
<span class='badge badge-danger'>03.03.2025 1:18:11 PM</span>
<span class='badge badge-default'>00:00:00:151</span>
&middot; <span class='uri-anchor badge badge-default'>#test-id=10</span>
<span class='badge badge-default pointer float-right ml-1 et'><i class="fa fa-chevron-down"></i></span>
<span class='badge badge-default pointer float-right ct'><i class="fa fa-chevron-up"></i></span>
</div>
</div>
</div><div class="detail-body mt-4">
<table class="table table-sm">
  <thead><tr><th class="status-col">Status</th><th class="timestamp-col">Timestamp</th><th class="details-col">Details</th></tr></thead>
  <tbody>
      <tr class="event-row">
        <td><span class="badge log fail-bg">Fail</span></td>
        <td>1:18:11 PM</td>
        <td>
          <details><summary><b><font color=red>Exception Occured:Click to see</font></b ></summary>[org.openqa.selenium.json.JsonOutput.convertUsingMethod(JsonOutput.java:520)<br> org.openqa.selenium.json.JsonOutput.lambda$new$16(JsonOutput.java:182)<br> org.openqa.selenium.json.JsonOutput.write0(JsonOutput.java:409)<br> org.openqa.selenium.json.JsonOutput.lambda$new$22(JsonOutput.java:204)<br> java.base/java.util.stream.ForEachOps$ForEachOp$OfRef.accept(ForEachOps.java:183)<br> java.base/java.util.stream.ReferencePipeline$2$1.accept(ReferencePipeline.java:177)<br> java.base/java.util.Iterator.forEachRemaining(Iterator.java:133)<br> java.base/java.util.Spliterators$IteratorSpliterator.forEachRemaining(Spliterators.java:1801)<br> java.base/java.util.stream.AbstractPipeline.copyInto(AbstractPipeline.java:484)<br> java.base/java.util.stream.AbstractPipeline.wrapAndCopyInto(AbstractPipeline.java:474)<br> java.base/java.util.stream.ForEachOps$ForEachOp.evaluateSequential(ForEachOps.java:150)<br> java.base/java.util.stream.ForEachOps$ForEachOp$OfRef.evaluateSequential(ForEachOps.java:173)<br> java.base/java.util.stream.AbstractPipeline.evaluate(AbstractPipeline.java:234)<br> java.base/java.util.stream.ReferencePipeline.forEach(ReferencePipeline.java:497)<br> org.openqa.selenium.json.JsonOutput.lambda$new$23(JsonOutput.java:204)<br> org.openqa.selenium.json.JsonOutput.write0(JsonOutput.java:409)<br> org.openqa.selenium.json.JsonOutput.lambda$new$24(JsonOutput.java:222)<br> java.base/java.util.Map.forEach(Map.java:661)<br> org.openqa.selenium.json.JsonOutput.lambda$new$25(JsonOutput.java:217)<br> org.openqa.selenium.json.JsonOutput.write0(JsonOutput.java:409)<br> org.openqa.selenium.json.JsonOutput.write(JsonOutput.java:400)<br> org.openqa.selenium.json.Json.toJson(Json.java:133)<br> org.openqa.selenium.json.Json.toJson(Json.java:119)<br> org.openqa.selenium.remote.codec.AbstractHttpCommandCodec.encode(AbstractHttpCommandCodec.java:245)<br> org.openqa.selenium.remote.codec.AbstractHttpCommandCodec.encode(AbstractHttpCommandCodec.java:111)<br> org.openqa.selenium.remote.HttpCommandExecutor.execute(HttpCommandExecutor.java:178)<br> org.openqa.selenium.remote.service.DriverCommandExecutor.invokeExecute(DriverCommandExecutor.java:216)<br> org.openqa.selenium.remote.service.DriverCommandExecutor.execute(DriverCommandExecutor.java:174)<br> org.openqa.selenium.remote.RemoteWebDriver.execute(RemoteWebDriver.java:545)<br> org.openqa.selenium.remote.RemoteWebDriver.perform(RemoteWebDriver.java:631)<br> org.openqa.selenium.interactions.Actions$BuiltAction.perform(Actions.java:613)<br> org.openqa.selenium.interactions.Actions.perform(Actions.java:578)<br> com.nxtgenai.pages.NxtGenHomePage.navigateToDynamicTransaction(NxtGenHomePage.java:186)<br> com.nxtgenai.testcases.ScreenNavigation.validatingDynamicTransactionNavigation(ScreenNavigation.java:68)<br> java.base/jdk.internal.reflect.NativeMethodAccessorImpl.invoke0(Native Method)<br> java.base/jdk.internal.reflect.NativeMethodAccessorImpl.invoke(NativeMethodAccessorImpl.java:62)<br> java.base/jdk.internal.reflect.DelegatingMethodAccessorImpl.invoke(DelegatingMethodAccessorImpl.java:43)<br> java.base/java.lang.reflect.Method.invoke(Method.java:566)<br> org.testng.internal.invokers.MethodInvocationHelper.invokeMethod(MethodInvocationHelper.java:141)<br> org.testng.internal.invokers.TestInvoker.invokeMethod(TestInvoker.java:686)<br> org.testng.internal.invokers.TestInvoker.invokeTestMethod(TestInvoker.java:230)<br> org.testng.internal.invokers.MethodRunner.runInSequence(MethodRunner.java:63)<br> org.testng.internal.invokers.TestInvoker$MethodInvocationAgent.invoke(TestInvoker.java:992)<br> org.testng.internal.invokers.TestInvoker.invokeTestMethods(TestInvoker.java:203)<br> org.testng.internal.invokers.TestMethodWorker.invokeTestMethods(TestMethodWorker.java:154)<br> org.testng.internal.invokers.TestMethodWorker.run(TestMethodWorker.java:134)<br> java.base/java.util.ArrayList.forEach(ArrayList.java:1541)<br> org.testng.TestRunner.privateRun(TestRunner.java:739)<br> org.testng.TestRunner.run(TestRunner.java:614)<br> org.testng.SuiteRunner.runTest(SuiteRunner.java:421)<br> org.testng.SuiteRunner.runSequentially(SuiteRunner.java:413)<br> org.testng.SuiteRunner.privateRun(SuiteRunner.java:373)<br> org.testng.SuiteRunner.run(SuiteRunner.java:312)<br> org.testng.SuiteRunnerWorker.runSuite(SuiteRunnerWorker.java:52)<br> org.testng.SuiteRunnerWorker.run(SuiteRunnerWorker.java:95)<br> org.testng.TestNG.runSuitesSequentially(TestNG.java:1274)<br> org.testng.TestNG.runSuitesLocally(TestNG.java:1208)<br> org.testng.TestNG.runSuites(TestNG.java:1112)<br> org.testng.TestNG.run(TestNG.java:1079)<br> org.testng.remote.AbstractRemoteTestNG.run(AbstractRemoteTestNG.java:115)<br> org.testng.remote.RemoteTestNG.initAndRun(RemoteTestNG.java:293)<br> org.testng.remote.RemoteTestNG.main(RemoteTestNG.java:91)]</details> 

        </td>
      </tr>
      <tr class="event-row">
        <td><span class="badge log fail-bg">Fail</span></td>
        <td>1:18:11 PM</td>
        <td>
          <b><font color=red>Screenshot of failure</font></b>
    <div class="row mb-3"><div class="col-md-3">
<img data-featherlight='Mon_Mar_03_13_18_11_IST_2025.jpg' src="Mon_Mar_03_13_18_11_IST_2025.jpg">
    
    </div></div>
        </td>
      </tr>
      <tr class="event-row">
        <td><span class="badge log fail-bg">Fail</span></td>
        <td>1:18:11 PM</td>
        <td>
          <span class='badge white-text red'>TEST CASE FAILED</span>
        </td>
      </tr>
  </tbody>
</table>
</div>
          </div>
        </li>
        <li class="test-item"  status="fail" test-id="11"
          author=""
          tag=""
          device="">
          <div class="test-detail">
            <p class="name">com.nxtgenai.testcases.ScreenNavigation     @TestCase : validatingFramesNavigation</p>
            <p class="text-sm">
              <span>1:18:11 PM</span> / <span>00:00:00:141</span>
              <span class="badge fail-bg log float-right">Fail</span>
            </p>
          </div>
          <div class="test-contents d-none">
<div class="detail-head">
<div class="p-v-10">
<div class="info">
<h5 class="test-status text-fail">com.nxtgenai.testcases.ScreenNavigation @TestCase : validatingFramesNavigation</h5>
<span class='badge badge-success'>03.03.2025 1:18:11 PM</span>
<span class='badge badge-danger'>03.03.2025 1:18:11 PM</span>
<span class='badge badge-default'>00:00:00:141</span>
&middot; <span class='uri-anchor badge badge-default'>#test-id=11</span>
<span class='badge badge-default pointer float-right ml-1 et'><i class="fa fa-chevron-down"></i></span>
<span class='badge badge-default pointer float-right ct'><i class="fa fa-chevron-up"></i></span>
</div>
</div>
</div><div class="detail-body mt-4">
<table class="table table-sm">
  <thead><tr><th class="status-col">Status</th><th class="timestamp-col">Timestamp</th><th class="details-col">Details</th></tr></thead>
  <tbody>
      <tr class="event-row">
        <td><span class="badge log fail-bg">Fail</span></td>
        <td>1:18:11 PM</td>
        <td>
          <details><summary><b><font color=red>Exception Occured:Click to see</font></b ></summary>[org.openqa.selenium.json.JsonOutput.convertUsingMethod(JsonOutput.java:520)<br> org.openqa.selenium.json.JsonOutput.lambda$new$16(JsonOutput.java:182)<br> org.openqa.selenium.json.JsonOutput.write0(JsonOutput.java:409)<br> org.openqa.selenium.json.JsonOutput.lambda$new$22(JsonOutput.java:204)<br> java.base/java.util.stream.ForEachOps$ForEachOp$OfRef.accept(ForEachOps.java:183)<br> java.base/java.util.stream.ReferencePipeline$2$1.accept(ReferencePipeline.java:177)<br> java.base/java.util.Iterator.forEachRemaining(Iterator.java:133)<br> java.base/java.util.Spliterators$IteratorSpliterator.forEachRemaining(Spliterators.java:1801)<br> java.base/java.util.stream.AbstractPipeline.copyInto(AbstractPipeline.java:484)<br> java.base/java.util.stream.AbstractPipeline.wrapAndCopyInto(AbstractPipeline.java:474)<br> java.base/java.util.stream.ForEachOps$ForEachOp.evaluateSequential(ForEachOps.java:150)<br> java.base/java.util.stream.ForEachOps$ForEachOp$OfRef.evaluateSequential(ForEachOps.java:173)<br> java.base/java.util.stream.AbstractPipeline.evaluate(AbstractPipeline.java:234)<br> java.base/java.util.stream.ReferencePipeline.forEach(ReferencePipeline.java:497)<br> org.openqa.selenium.json.JsonOutput.lambda$new$23(JsonOutput.java:204)<br> org.openqa.selenium.json.JsonOutput.write0(JsonOutput.java:409)<br> org.openqa.selenium.json.JsonOutput.lambda$new$24(JsonOutput.java:222)<br> java.base/java.util.Map.forEach(Map.java:661)<br> org.openqa.selenium.json.JsonOutput.lambda$new$25(JsonOutput.java:217)<br> org.openqa.selenium.json.JsonOutput.write0(JsonOutput.java:409)<br> org.openqa.selenium.json.JsonOutput.write(JsonOutput.java:400)<br> org.openqa.selenium.json.Json.toJson(Json.java:133)<br> org.openqa.selenium.json.Json.toJson(Json.java:119)<br> org.openqa.selenium.remote.codec.AbstractHttpCommandCodec.encode(AbstractHttpCommandCodec.java:245)<br> org.openqa.selenium.remote.codec.AbstractHttpCommandCodec.encode(AbstractHttpCommandCodec.java:111)<br> org.openqa.selenium.remote.HttpCommandExecutor.execute(HttpCommandExecutor.java:178)<br> org.openqa.selenium.remote.service.DriverCommandExecutor.invokeExecute(DriverCommandExecutor.java:216)<br> org.openqa.selenium.remote.service.DriverCommandExecutor.execute(DriverCommandExecutor.java:174)<br> org.openqa.selenium.remote.RemoteWebDriver.execute(RemoteWebDriver.java:545)<br> org.openqa.selenium.remote.RemoteWebDriver.perform(RemoteWebDriver.java:631)<br> org.openqa.selenium.interactions.Actions$BuiltAction.perform(Actions.java:613)<br> org.openqa.selenium.interactions.Actions.perform(Actions.java:578)<br> com.nxtgenai.pages.NxtGenHomePage.navigateToFrames(NxtGenHomePage.java:195)<br> com.nxtgenai.testcases.ScreenNavigation.validatingFramesNavigation(ScreenNavigation.java:74)<br> java.base/jdk.internal.reflect.NativeMethodAccessorImpl.invoke0(Native Method)<br> java.base/jdk.internal.reflect.NativeMethodAccessorImpl.invoke(NativeMethodAccessorImpl.java:62)<br> java.base/jdk.internal.reflect.DelegatingMethodAccessorImpl.invoke(DelegatingMethodAccessorImpl.java:43)<br> java.base/java.lang.reflect.Method.invoke(Method.java:566)<br> org.testng.internal.invokers.MethodInvocationHelper.invokeMethod(MethodInvocationHelper.java:141)<br> org.testng.internal.invokers.TestInvoker.invokeMethod(TestInvoker.java:686)<br> org.testng.internal.invokers.TestInvoker.invokeTestMethod(TestInvoker.java:230)<br> org.testng.internal.invokers.MethodRunner.runInSequence(MethodRunner.java:63)<br> org.testng.internal.invokers.TestInvoker$MethodInvocationAgent.invoke(TestInvoker.java:992)<br> org.testng.internal.invokers.TestInvoker.invokeTestMethods(TestInvoker.java:203)<br> org.testng.internal.invokers.TestMethodWorker.invokeTestMethods(TestMethodWorker.java:154)<br> org.testng.internal.invokers.TestMethodWorker.run(TestMethodWorker.java:134)<br> java.base/java.util.ArrayList.forEach(ArrayList.java:1541)<br> org.testng.TestRunner.privateRun(TestRunner.java:739)<br> org.testng.TestRunner.run(TestRunner.java:614)<br> org.testng.SuiteRunner.runTest(SuiteRunner.java:421)<br> org.testng.SuiteRunner.runSequentially(SuiteRunner.java:413)<br> org.testng.SuiteRunner.privateRun(SuiteRunner.java:373)<br> org.testng.SuiteRunner.run(SuiteRunner.java:312)<br> org.testng.SuiteRunnerWorker.runSuite(SuiteRunnerWorker.java:52)<br> org.testng.SuiteRunnerWorker.run(SuiteRunnerWorker.java:95)<br> org.testng.TestNG.runSuitesSequentially(TestNG.java:1274)<br> org.testng.TestNG.runSuitesLocally(TestNG.java:1208)<br> org.testng.TestNG.runSuites(TestNG.java:1112)<br> org.testng.TestNG.run(TestNG.java:1079)<br> org.testng.remote.AbstractRemoteTestNG.run(AbstractRemoteTestNG.java:115)<br> org.testng.remote.RemoteTestNG.initAndRun(RemoteTestNG.java:293)<br> org.testng.remote.RemoteTestNG.main(RemoteTestNG.java:91)]</details> 

        </td>
      </tr>
      <tr class="event-row">
        <td><span class="badge log fail-bg">Fail</span></td>
        <td>1:18:11 PM</td>
        <td>
          <b><font color=red>Screenshot of failure</font></b>
    <div class="row mb-3"><div class="col-md-3">
<img data-featherlight='Mon_Mar_03_13_18_11_IST_2025.jpg' src="Mon_Mar_03_13_18_11_IST_2025.jpg">
    
    </div></div>
        </td>
      </tr>
      <tr class="event-row">
        <td><span class="badge log fail-bg">Fail</span></td>
        <td>1:18:11 PM</td>
        <td>
          <span class='badge white-text red'>TEST CASE FAILED</span>
        </td>
      </tr>
  </tbody>
</table>
</div>
          </div>
        </li>
        <li class="test-item"  status="fail" test-id="12"
          author=""
          tag=""
          device="">
          <div class="test-detail">
            <p class="name">com.nxtgenai.testcases.ScreenNavigation     @TestCase : validatingTechTalkNavigation</p>
            <p class="text-sm">
              <span>1:18:11 PM</span> / <span>00:00:00:157</span>
              <span class="badge fail-bg log float-right">Fail</span>
            </p>
          </div>
          <div class="test-contents d-none">
<div class="detail-head">
<div class="p-v-10">
<div class="info">
<h5 class="test-status text-fail">com.nxtgenai.testcases.ScreenNavigation @TestCase : validatingTechTalkNavigation</h5>
<span class='badge badge-success'>03.03.2025 1:18:11 PM</span>
<span class='badge badge-danger'>03.03.2025 1:18:12 PM</span>
<span class='badge badge-default'>00:00:00:157</span>
&middot; <span class='uri-anchor badge badge-default'>#test-id=12</span>
<span class='badge badge-default pointer float-right ml-1 et'><i class="fa fa-chevron-down"></i></span>
<span class='badge badge-default pointer float-right ct'><i class="fa fa-chevron-up"></i></span>
</div>
</div>
</div><div class="detail-body mt-4">
<table class="table table-sm">
  <thead><tr><th class="status-col">Status</th><th class="timestamp-col">Timestamp</th><th class="details-col">Details</th></tr></thead>
  <tbody>
      <tr class="event-row">
        <td><span class="badge log fail-bg">Fail</span></td>
        <td>1:18:11 PM</td>
        <td>
          <details><summary><b><font color=red>Exception Occured:Click to see</font></b ></summary>[org.openqa.selenium.json.JsonOutput.convertUsingMethod(JsonOutput.java:520)<br> org.openqa.selenium.json.JsonOutput.lambda$new$16(JsonOutput.java:182)<br> org.openqa.selenium.json.JsonOutput.write0(JsonOutput.java:409)<br> org.openqa.selenium.json.JsonOutput.lambda$new$22(JsonOutput.java:204)<br> java.base/java.util.stream.ForEachOps$ForEachOp$OfRef.accept(ForEachOps.java:183)<br> java.base/java.util.stream.ReferencePipeline$2$1.accept(ReferencePipeline.java:177)<br> java.base/java.util.Iterator.forEachRemaining(Iterator.java:133)<br> java.base/java.util.Spliterators$IteratorSpliterator.forEachRemaining(Spliterators.java:1801)<br> java.base/java.util.stream.AbstractPipeline.copyInto(AbstractPipeline.java:484)<br> java.base/java.util.stream.AbstractPipeline.wrapAndCopyInto(AbstractPipeline.java:474)<br> java.base/java.util.stream.ForEachOps$ForEachOp.evaluateSequential(ForEachOps.java:150)<br> java.base/java.util.stream.ForEachOps$ForEachOp$OfRef.evaluateSequential(ForEachOps.java:173)<br> java.base/java.util.stream.AbstractPipeline.evaluate(AbstractPipeline.java:234)<br> java.base/java.util.stream.ReferencePipeline.forEach(ReferencePipeline.java:497)<br> org.openqa.selenium.json.JsonOutput.lambda$new$23(JsonOutput.java:204)<br> org.openqa.selenium.json.JsonOutput.write0(JsonOutput.java:409)<br> org.openqa.selenium.json.JsonOutput.lambda$new$24(JsonOutput.java:222)<br> java.base/java.util.Map.forEach(Map.java:661)<br> org.openqa.selenium.json.JsonOutput.lambda$new$25(JsonOutput.java:217)<br> org.openqa.selenium.json.JsonOutput.write0(JsonOutput.java:409)<br> org.openqa.selenium.json.JsonOutput.write(JsonOutput.java:400)<br> org.openqa.selenium.json.Json.toJson(Json.java:133)<br> org.openqa.selenium.json.Json.toJson(Json.java:119)<br> org.openqa.selenium.remote.codec.AbstractHttpCommandCodec.encode(AbstractHttpCommandCodec.java:245)<br> org.openqa.selenium.remote.codec.AbstractHttpCommandCodec.encode(AbstractHttpCommandCodec.java:111)<br> org.openqa.selenium.remote.HttpCommandExecutor.execute(HttpCommandExecutor.java:178)<br> org.openqa.selenium.remote.service.DriverCommandExecutor.invokeExecute(DriverCommandExecutor.java:216)<br> org.openqa.selenium.remote.service.DriverCommandExecutor.execute(DriverCommandExecutor.java:174)<br> org.openqa.selenium.remote.RemoteWebDriver.execute(RemoteWebDriver.java:545)<br> org.openqa.selenium.remote.RemoteWebDriver.perform(RemoteWebDriver.java:631)<br> org.openqa.selenium.interactions.Actions$BuiltAction.perform(Actions.java:613)<br> org.openqa.selenium.interactions.Actions.perform(Actions.java:578)<br> com.nxtgenai.pages.NxtGenHomePage.navigateToTechTalk(NxtGenHomePage.java:204)<br> com.nxtgenai.testcases.ScreenNavigation.validatingTechTalkNavigation(ScreenNavigation.java:80)<br> java.base/jdk.internal.reflect.NativeMethodAccessorImpl.invoke0(Native Method)<br> java.base/jdk.internal.reflect.NativeMethodAccessorImpl.invoke(NativeMethodAccessorImpl.java:62)<br> java.base/jdk.internal.reflect.DelegatingMethodAccessorImpl.invoke(DelegatingMethodAccessorImpl.java:43)<br> java.base/java.lang.reflect.Method.invoke(Method.java:566)<br> org.testng.internal.invokers.MethodInvocationHelper.invokeMethod(MethodInvocationHelper.java:141)<br> org.testng.internal.invokers.TestInvoker.invokeMethod(TestInvoker.java:686)<br> org.testng.internal.invokers.TestInvoker.invokeTestMethod(TestInvoker.java:230)<br> org.testng.internal.invokers.MethodRunner.runInSequence(MethodRunner.java:63)<br> org.testng.internal.invokers.TestInvoker$MethodInvocationAgent.invoke(TestInvoker.java:992)<br> org.testng.internal.invokers.TestInvoker.invokeTestMethods(TestInvoker.java:203)<br> org.testng.internal.invokers.TestMethodWorker.invokeTestMethods(TestMethodWorker.java:154)<br> org.testng.internal.invokers.TestMethodWorker.run(TestMethodWorker.java:134)<br> java.base/java.util.ArrayList.forEach(ArrayList.java:1541)<br> org.testng.TestRunner.privateRun(TestRunner.java:739)<br> org.testng.TestRunner.run(TestRunner.java:614)<br> org.testng.SuiteRunner.runTest(SuiteRunner.java:421)<br> org.testng.SuiteRunner.runSequentially(SuiteRunner.java:413)<br> org.testng.SuiteRunner.privateRun(SuiteRunner.java:373)<br> org.testng.SuiteRunner.run(SuiteRunner.java:312)<br> org.testng.SuiteRunnerWorker.runSuite(SuiteRunnerWorker.java:52)<br> org.testng.SuiteRunnerWorker.run(SuiteRunnerWorker.java:95)<br> org.testng.TestNG.runSuitesSequentially(TestNG.java:1274)<br> org.testng.TestNG.runSuitesLocally(TestNG.java:1208)<br> org.testng.TestNG.runSuites(TestNG.java:1112)<br> org.testng.TestNG.run(TestNG.java:1079)<br> org.testng.remote.AbstractRemoteTestNG.run(AbstractRemoteTestNG.java:115)<br> org.testng.remote.RemoteTestNG.initAndRun(RemoteTestNG.java:293)<br> org.testng.remote.RemoteTestNG.main(RemoteTestNG.java:91)]</details> 

        </td>
      </tr>
      <tr class="event-row">
        <td><span class="badge log fail-bg">Fail</span></td>
        <td>1:18:12 PM</td>
        <td>
          <b><font color=red>Screenshot of failure</font></b>
    <div class="row mb-3"><div class="col-md-3">
<img data-featherlight='Mon_Mar_03_13_18_12_IST_2025.jpg' src="Mon_Mar_03_13_18_12_IST_2025.jpg">
    
    </div></div>
        </td>
      </tr>
      <tr class="event-row">
        <td><span class="badge log fail-bg">Fail</span></td>
        <td>1:18:12 PM</td>
        <td>
          <span class='badge white-text red'>TEST CASE FAILED</span>
        </td>
      </tr>
  </tbody>
</table>
</div>
          </div>
        </li>
        <li class="test-item"  status="fail" test-id="13"
          author=""
          tag=""
          device="">
          <div class="test-detail">
            <p class="name">com.nxtgenai.testcases.ScreenNavigation     @TestCase : validatingTestimonialsNavigation</p>
            <p class="text-sm">
              <span>1:18:12 PM</span> / <span>00:00:00:144</span>
              <span class="badge fail-bg log float-right">Fail</span>
            </p>
          </div>
          <div class="test-contents d-none">
<div class="detail-head">
<div class="p-v-10">
<div class="info">
<h5 class="test-status text-fail">com.nxtgenai.testcases.ScreenNavigation @TestCase : validatingTestimonialsNavigation</h5>
<span class='badge badge-success'>03.03.2025 1:18:12 PM</span>
<span class='badge badge-danger'>03.03.2025 1:18:12 PM</span>
<span class='badge badge-default'>00:00:00:144</span>
&middot; <span class='uri-anchor badge badge-default'>#test-id=13</span>
<span class='badge badge-default pointer float-right ml-1 et'><i class="fa fa-chevron-down"></i></span>
<span class='badge badge-default pointer float-right ct'><i class="fa fa-chevron-up"></i></span>
</div>
</div>
</div><div class="detail-body mt-4">
<table class="table table-sm">
  <thead><tr><th class="status-col">Status</th><th class="timestamp-col">Timestamp</th><th class="details-col">Details</th></tr></thead>
  <tbody>
      <tr class="event-row">
        <td><span class="badge log fail-bg">Fail</span></td>
        <td>1:18:12 PM</td>
        <td>
          <details><summary><b><font color=red>Exception Occured:Click to see</font></b ></summary>[org.openqa.selenium.json.JsonOutput.convertUsingMethod(JsonOutput.java:520)<br> org.openqa.selenium.json.JsonOutput.lambda$new$16(JsonOutput.java:182)<br> org.openqa.selenium.json.JsonOutput.write0(JsonOutput.java:409)<br> org.openqa.selenium.json.JsonOutput.lambda$new$22(JsonOutput.java:204)<br> java.base/java.util.stream.ForEachOps$ForEachOp$OfRef.accept(ForEachOps.java:183)<br> java.base/java.util.stream.ReferencePipeline$2$1.accept(ReferencePipeline.java:177)<br> java.base/java.util.Iterator.forEachRemaining(Iterator.java:133)<br> java.base/java.util.Spliterators$IteratorSpliterator.forEachRemaining(Spliterators.java:1801)<br> java.base/java.util.stream.AbstractPipeline.copyInto(AbstractPipeline.java:484)<br> java.base/java.util.stream.AbstractPipeline.wrapAndCopyInto(AbstractPipeline.java:474)<br> java.base/java.util.stream.ForEachOps$ForEachOp.evaluateSequential(ForEachOps.java:150)<br> java.base/java.util.stream.ForEachOps$ForEachOp$OfRef.evaluateSequential(ForEachOps.java:173)<br> java.base/java.util.stream.AbstractPipeline.evaluate(AbstractPipeline.java:234)<br> java.base/java.util.stream.ReferencePipeline.forEach(ReferencePipeline.java:497)<br> org.openqa.selenium.json.JsonOutput.lambda$new$23(JsonOutput.java:204)<br> org.openqa.selenium.json.JsonOutput.write0(JsonOutput.java:409)<br> org.openqa.selenium.json.JsonOutput.lambda$new$24(JsonOutput.java:222)<br> java.base/java.util.Map.forEach(Map.java:661)<br> org.openqa.selenium.json.JsonOutput.lambda$new$25(JsonOutput.java:217)<br> org.openqa.selenium.json.JsonOutput.write0(JsonOutput.java:409)<br> org.openqa.selenium.json.JsonOutput.write(JsonOutput.java:400)<br> org.openqa.selenium.json.Json.toJson(Json.java:133)<br> org.openqa.selenium.json.Json.toJson(Json.java:119)<br> org.openqa.selenium.remote.codec.AbstractHttpCommandCodec.encode(AbstractHttpCommandCodec.java:245)<br> org.openqa.selenium.remote.codec.AbstractHttpCommandCodec.encode(AbstractHttpCommandCodec.java:111)<br> org.openqa.selenium.remote.HttpCommandExecutor.execute(HttpCommandExecutor.java:178)<br> org.openqa.selenium.remote.service.DriverCommandExecutor.invokeExecute(DriverCommandExecutor.java:216)<br> org.openqa.selenium.remote.service.DriverCommandExecutor.execute(DriverCommandExecutor.java:174)<br> org.openqa.selenium.remote.RemoteWebDriver.execute(RemoteWebDriver.java:545)<br> org.openqa.selenium.remote.RemoteWebDriver.perform(RemoteWebDriver.java:631)<br> org.openqa.selenium.interactions.Actions$BuiltAction.perform(Actions.java:613)<br> org.openqa.selenium.interactions.Actions.perform(Actions.java:578)<br> com.nxtgenai.pages.NxtGenHomePage.navigateToTestimonials(NxtGenHomePage.java:212)<br> com.nxtgenai.testcases.ScreenNavigation.validatingTestimonialsNavigation(ScreenNavigation.java:86)<br> java.base/jdk.internal.reflect.NativeMethodAccessorImpl.invoke0(Native Method)<br> java.base/jdk.internal.reflect.NativeMethodAccessorImpl.invoke(NativeMethodAccessorImpl.java:62)<br> java.base/jdk.internal.reflect.DelegatingMethodAccessorImpl.invoke(DelegatingMethodAccessorImpl.java:43)<br> java.base/java.lang.reflect.Method.invoke(Method.java:566)<br> org.testng.internal.invokers.MethodInvocationHelper.invokeMethod(MethodInvocationHelper.java:141)<br> org.testng.internal.invokers.TestInvoker.invokeMethod(TestInvoker.java:686)<br> org.testng.internal.invokers.TestInvoker.invokeTestMethod(TestInvoker.java:230)<br> org.testng.internal.invokers.MethodRunner.runInSequence(MethodRunner.java:63)<br> org.testng.internal.invokers.TestInvoker$MethodInvocationAgent.invoke(TestInvoker.java:992)<br> org.testng.internal.invokers.TestInvoker.invokeTestMethods(TestInvoker.java:203)<br> org.testng.internal.invokers.TestMethodWorker.invokeTestMethods(TestMethodWorker.java:154)<br> org.testng.internal.invokers.TestMethodWorker.run(TestMethodWorker.java:134)<br> java.base/java.util.ArrayList.forEach(ArrayList.java:1541)<br> org.testng.TestRunner.privateRun(TestRunner.java:739)<br> org.testng.TestRunner.run(TestRunner.java:614)<br> org.testng.SuiteRunner.runTest(SuiteRunner.java:421)<br> org.testng.SuiteRunner.runSequentially(SuiteRunner.java:413)<br> org.testng.SuiteRunner.privateRun(SuiteRunner.java:373)<br> org.testng.SuiteRunner.run(SuiteRunner.java:312)<br> org.testng.SuiteRunnerWorker.runSuite(SuiteRunnerWorker.java:52)<br> org.testng.SuiteRunnerWorker.run(SuiteRunnerWorker.java:95)<br> org.testng.TestNG.runSuitesSequentially(TestNG.java:1274)<br> org.testng.TestNG.runSuitesLocally(TestNG.java:1208)<br> org.testng.TestNG.runSuites(TestNG.java:1112)<br> org.testng.TestNG.run(TestNG.java:1079)<br> org.testng.remote.AbstractRemoteTestNG.run(AbstractRemoteTestNG.java:115)<br> org.testng.remote.RemoteTestNG.initAndRun(RemoteTestNG.java:293)<br> org.testng.remote.RemoteTestNG.main(RemoteTestNG.java:91)]</details> 

        </td>
      </tr>
      <tr class="event-row">
        <td><span class="badge log fail-bg">Fail</span></td>
        <td>1:18:12 PM</td>
        <td>
          <b><font color=red>Screenshot of failure</font></b>
    <div class="row mb-3"><div class="col-md-3">
<img data-featherlight='Mon_Mar_03_13_18_12_IST_2025.jpg' src="Mon_Mar_03_13_18_12_IST_2025.jpg">
    
    </div></div>
        </td>
      </tr>
      <tr class="event-row">
        <td><span class="badge log fail-bg">Fail</span></td>
        <td>1:18:12 PM</td>
        <td>
          <span class='badge white-text red'>TEST CASE FAILED</span>
        </td>
      </tr>
  </tbody>
</table>
</div>
          </div>
        </li>
        <li class="test-item"  status="fail" test-id="14"
          author=""
          tag=""
          device="">
          <div class="test-detail">
            <p class="name">com.nxtgenai.testcases.ScreenNavigation     @TestCase : validatingPythonForAutomationNavigation</p>
            <p class="text-sm">
              <span>1:18:12 PM</span> / <span>00:00:00:147</span>
              <span class="badge fail-bg log float-right">Fail</span>
            </p>
          </div>
          <div class="test-contents d-none">
<div class="detail-head">
<div class="p-v-10">
<div class="info">
<h5 class="test-status text-fail">com.nxtgenai.testcases.ScreenNavigation @TestCase : validatingPythonForAutomationNavigation</h5>
<span class='badge badge-success'>03.03.2025 1:18:12 PM</span>
<span class='badge badge-danger'>03.03.2025 1:18:12 PM</span>
<span class='badge badge-default'>00:00:00:147</span>
&middot; <span class='uri-anchor badge badge-default'>#test-id=14</span>
<span class='badge badge-default pointer float-right ml-1 et'><i class="fa fa-chevron-down"></i></span>
<span class='badge badge-default pointer float-right ct'><i class="fa fa-chevron-up"></i></span>
</div>
</div>
</div><div class="detail-body mt-4">
<table class="table table-sm">
  <thead><tr><th class="status-col">Status</th><th class="timestamp-col">Timestamp</th><th class="details-col">Details</th></tr></thead>
  <tbody>
      <tr class="event-row">
        <td><span class="badge log fail-bg">Fail</span></td>
        <td>1:18:12 PM</td>
        <td>
          <details><summary><b><font color=red>Exception Occured:Click to see</font></b ></summary>[java.base/jdk.internal.reflect.NativeConstructorAccessorImpl.newInstance0(Native Method)<br> java.base/jdk.internal.reflect.NativeConstructorAccessorImpl.newInstance(NativeConstructorAccessorImpl.java:62)<br> java.base/jdk.internal.reflect.DelegatingConstructorAccessorImpl.newInstance(DelegatingConstructorAccessorImpl.java:45)<br> java.base/java.lang.reflect.Constructor.newInstance(Constructor.java:490)<br> org.openqa.selenium.remote.ErrorCodec.decode(ErrorCodec.java:167)<br> org.openqa.selenium.remote.codec.w3c.W3CHttpResponseCodec.decode(W3CHttpResponseCodec.java:138)<br> org.openqa.selenium.remote.codec.w3c.W3CHttpResponseCodec.decode(W3CHttpResponseCodec.java:50)<br> org.openqa.selenium.remote.HttpCommandExecutor.execute(HttpCommandExecutor.java:190)<br> org.openqa.selenium.remote.service.DriverCommandExecutor.invokeExecute(DriverCommandExecutor.java:216)<br> org.openqa.selenium.remote.service.DriverCommandExecutor.execute(DriverCommandExecutor.java:174)<br> org.openqa.selenium.remote.RemoteWebDriver.execute(RemoteWebDriver.java:545)<br> org.openqa.selenium.remote.ElementLocation$ElementFinder$2.findElement(ElementLocation.java:165)<br> org.openqa.selenium.remote.ElementLocation.findElement(ElementLocation.java:59)<br> org.openqa.selenium.remote.RemoteWebDriver.findElement(RemoteWebDriver.java:368)<br> org.openqa.selenium.remote.RemoteWebDriver.findElement(RemoteWebDriver.java:362)<br> org.openqa.selenium.support.pagefactory.DefaultElementLocator.findElement(DefaultElementLocator.java:68)<br> org.openqa.selenium.support.pagefactory.internal.LocatingElementHandler.invoke(LocatingElementHandler.java:38)<br> com.sun.proxy.$Proxy16.click(Unknown Source)<br> com.nxtgenai.pages.NxtGenHomePage.navigateToPythonForAutomation(NxtGenHomePage.java:219)<br> com.nxtgenai.testcases.ScreenNavigation.validatingPythonForAutomationNavigation(ScreenNavigation.java:92)<br> java.base/jdk.internal.reflect.NativeMethodAccessorImpl.invoke0(Native Method)<br> java.base/jdk.internal.reflect.NativeMethodAccessorImpl.invoke(NativeMethodAccessorImpl.java:62)<br> java.base/jdk.internal.reflect.DelegatingMethodAccessorImpl.invoke(DelegatingMethodAccessorImpl.java:43)<br> java.base/java.lang.reflect.Method.invoke(Method.java:566)<br> org.testng.internal.invokers.MethodInvocationHelper.invokeMethod(MethodInvocationHelper.java:141)<br> org.testng.internal.invokers.TestInvoker.invokeMethod(TestInvoker.java:686)<br> org.testng.internal.invokers.TestInvoker.invokeTestMethod(TestInvoker.java:230)<br> org.testng.internal.invokers.MethodRunner.runInSequence(MethodRunner.java:63)<br> org.testng.internal.invokers.TestInvoker$MethodInvocationAgent.invoke(TestInvoker.java:992)<br> org.testng.internal.invokers.TestInvoker.invokeTestMethods(TestInvoker.java:203)<br> org.testng.internal.invokers.TestMethodWorker.invokeTestMethods(TestMethodWorker.java:154)<br> org.testng.internal.invokers.TestMethodWorker.run(TestMethodWorker.java:134)<br> java.base/java.util.ArrayList.forEach(ArrayList.java:1541)<br> org.testng.TestRunner.privateRun(TestRunner.java:739)<br> org.testng.TestRunner.run(TestRunner.java:614)<br> org.testng.SuiteRunner.runTest(SuiteRunner.java:421)<br> org.testng.SuiteRunner.runSequentially(SuiteRunner.java:413)<br> org.testng.SuiteRunner.privateRun(SuiteRunner.java:373)<br> org.testng.SuiteRunner.run(SuiteRunner.java:312)<br> org.testng.SuiteRunnerWorker.runSuite(SuiteRunnerWorker.java:52)<br> org.testng.SuiteRunnerWorker.run(SuiteRunnerWorker.java:95)<br> org.testng.TestNG.runSuitesSequentially(TestNG.java:1274)<br> org.testng.TestNG.runSuitesLocally(TestNG.java:1208)<br> org.testng.TestNG.runSuites(TestNG.java:1112)<br> org.testng.TestNG.run(TestNG.java:1079)<br> org.testng.remote.AbstractRemoteTestNG.run(AbstractRemoteTestNG.java:115)<br> org.testng.remote.RemoteTestNG.initAndRun(RemoteTestNG.java:293)<br> org.testng.remote.RemoteTestNG.main(RemoteTestNG.java:91)]</details> 

        </td>
      </tr>
      <tr class="event-row">
        <td><span class="badge log fail-bg">Fail</span></td>
        <td>1:18:12 PM</td>
        <td>
          <b><font color=red>Screenshot of failure</font></b>
    <div class="row mb-3"><div class="col-md-3">
<img data-featherlight='Mon_Mar_03_13_18_12_IST_2025.jpg' src="Mon_Mar_03_13_18_12_IST_2025.jpg">
    
    </div></div>
        </td>
      </tr>
      <tr class="event-row">
        <td><span class="badge log fail-bg">Fail</span></td>
        <td>1:18:12 PM</td>
        <td>
          <span class='badge white-text red'>TEST CASE FAILED</span>
        </td>
      </tr>
  </tbody>
</table>
</div>
          </div>
        </li>
        <li class="test-item"  status="fail" test-id="15"
          author=""
          tag=""
          device="">
          <div class="test-detail">
            <p class="name">com.nxtgenai.testcases.RegisterDemo     @TestCase : registerUser</p>
            <p class="text-sm">
              <span>1:18:12 PM</span> / <span>00:00:00:181</span>
              <span class="badge fail-bg log float-right">Fail</span>
            </p>
          </div>
          <div class="test-contents d-none">
<div class="detail-head">
<div class="p-v-10">
<div class="info">
<h5 class="test-status text-fail">com.nxtgenai.testcases.RegisterDemo @TestCase : registerUser</h5>
<span class='badge badge-success'>03.03.2025 1:18:12 PM</span>
<span class='badge badge-danger'>03.03.2025 1:18:12 PM</span>
<span class='badge badge-default'>00:00:00:181</span>
&middot; <span class='uri-anchor badge badge-default'>#test-id=15</span>
<span class='badge badge-default pointer float-right ml-1 et'><i class="fa fa-chevron-down"></i></span>
<span class='badge badge-default pointer float-right ct'><i class="fa fa-chevron-up"></i></span>
</div>
</div>
</div><div class="detail-body mt-4">
<table class="table table-sm">
  <thead><tr><th class="status-col">Status</th><th class="timestamp-col">Timestamp</th><th class="details-col">Details</th></tr></thead>
  <tbody>
      <tr class="event-row">
        <td><span class="badge log fail-bg">Fail</span></td>
        <td>1:18:12 PM</td>
        <td>
          <details><summary><b><font color=red>Exception Occured:Click to see</font></b ></summary>[org.openqa.selenium.json.JsonOutput.convertUsingMethod(JsonOutput.java:520)<br> org.openqa.selenium.json.JsonOutput.lambda$new$16(JsonOutput.java:182)<br> org.openqa.selenium.json.JsonOutput.write0(JsonOutput.java:409)<br> org.openqa.selenium.json.JsonOutput.lambda$new$22(JsonOutput.java:204)<br> java.base/java.util.stream.ForEachOps$ForEachOp$OfRef.accept(ForEachOps.java:183)<br> java.base/java.util.stream.ReferencePipeline$2$1.accept(ReferencePipeline.java:177)<br> java.base/java.util.Iterator.forEachRemaining(Iterator.java:133)<br> java.base/java.util.Spliterators$IteratorSpliterator.forEachRemaining(Spliterators.java:1801)<br> java.base/java.util.stream.AbstractPipeline.copyInto(AbstractPipeline.java:484)<br> java.base/java.util.stream.AbstractPipeline.wrapAndCopyInto(AbstractPipeline.java:474)<br> java.base/java.util.stream.ForEachOps$ForEachOp.evaluateSequential(ForEachOps.java:150)<br> java.base/java.util.stream.ForEachOps$ForEachOp$OfRef.evaluateSequential(ForEachOps.java:173)<br> java.base/java.util.stream.AbstractPipeline.evaluate(AbstractPipeline.java:234)<br> java.base/java.util.stream.ReferencePipeline.forEach(ReferencePipeline.java:497)<br> org.openqa.selenium.json.JsonOutput.lambda$new$23(JsonOutput.java:204)<br> org.openqa.selenium.json.JsonOutput.write0(JsonOutput.java:409)<br> org.openqa.selenium.json.JsonOutput.lambda$new$24(JsonOutput.java:222)<br> java.base/java.util.Map.forEach(Map.java:661)<br> org.openqa.selenium.json.JsonOutput.lambda$new$25(JsonOutput.java:217)<br> org.openqa.selenium.json.JsonOutput.write0(JsonOutput.java:409)<br> org.openqa.selenium.json.JsonOutput.write(JsonOutput.java:400)<br> org.openqa.selenium.json.Json.toJson(Json.java:133)<br> org.openqa.selenium.json.Json.toJson(Json.java:119)<br> org.openqa.selenium.remote.codec.AbstractHttpCommandCodec.encode(AbstractHttpCommandCodec.java:245)<br> org.openqa.selenium.remote.codec.AbstractHttpCommandCodec.encode(AbstractHttpCommandCodec.java:111)<br> org.openqa.selenium.remote.HttpCommandExecutor.execute(HttpCommandExecutor.java:178)<br> org.openqa.selenium.remote.service.DriverCommandExecutor.invokeExecute(DriverCommandExecutor.java:216)<br> org.openqa.selenium.remote.service.DriverCommandExecutor.execute(DriverCommandExecutor.java:174)<br> org.openqa.selenium.remote.RemoteWebDriver.execute(RemoteWebDriver.java:545)<br> org.openqa.selenium.remote.RemoteWebDriver.perform(RemoteWebDriver.java:631)<br> org.openqa.selenium.interactions.Actions$BuiltAction.perform(Actions.java:613)<br> org.openqa.selenium.interactions.Actions.perform(Actions.java:578)<br> com.nxtgenai.pages.NxtGenHomePage.navigateToRegistrationForm(NxtGenHomePage.java:131)<br> com.nxtgenai.testcases.RegisterDemo.registerUser(RegisterDemo.java:21)<br> java.base/jdk.internal.reflect.NativeMethodAccessorImpl.invoke0(Native Method)<br> java.base/jdk.internal.reflect.NativeMethodAccessorImpl.invoke(NativeMethodAccessorImpl.java:62)<br> java.base/jdk.internal.reflect.DelegatingMethodAccessorImpl.invoke(DelegatingMethodAccessorImpl.java:43)<br> java.base/java.lang.reflect.Method.invoke(Method.java:566)<br> org.testng.internal.invokers.MethodInvocationHelper.invokeMethod(MethodInvocationHelper.java:141)<br> org.testng.internal.invokers.TestInvoker.invokeMethod(TestInvoker.java:686)<br> org.testng.internal.invokers.TestInvoker.invokeTestMethod(TestInvoker.java:230)<br> org.testng.internal.invokers.MethodRunner.runInSequence(MethodRunner.java:63)<br> org.testng.internal.invokers.TestInvoker$MethodInvocationAgent.invoke(TestInvoker.java:992)<br> org.testng.internal.invokers.TestInvoker.invokeTestMethods(TestInvoker.java:203)<br> org.testng.internal.invokers.TestMethodWorker.invokeTestMethods(TestMethodWorker.java:154)<br> org.testng.internal.invokers.TestMethodWorker.run(TestMethodWorker.java:134)<br> java.base/java.util.ArrayList.forEach(ArrayList.java:1541)<br> org.testng.TestRunner.privateRun(TestRunner.java:739)<br> org.testng.TestRunner.run(TestRunner.java:614)<br> org.testng.SuiteRunner.runTest(SuiteRunner.java:421)<br> org.testng.SuiteRunner.runSequentially(SuiteRunner.java:413)<br> org.testng.SuiteRunner.privateRun(SuiteRunner.java:373)<br> org.testng.SuiteRunner.run(SuiteRunner.java:312)<br> org.testng.SuiteRunnerWorker.runSuite(SuiteRunnerWorker.java:52)<br> org.testng.SuiteRunnerWorker.run(SuiteRunnerWorker.java:95)<br> org.testng.TestNG.runSuitesSequentially(TestNG.java:1274)<br> org.testng.TestNG.runSuitesLocally(TestNG.java:1208)<br> org.testng.TestNG.runSuites(TestNG.java:1112)<br> org.testng.TestNG.run(TestNG.java:1079)<br> org.testng.remote.AbstractRemoteTestNG.run(AbstractRemoteTestNG.java:115)<br> org.testng.remote.RemoteTestNG.initAndRun(RemoteTestNG.java:293)<br> org.testng.remote.RemoteTestNG.main(RemoteTestNG.java:91)]</details> 

        </td>
      </tr>
      <tr class="event-row">
        <td><span class="badge log fail-bg">Fail</span></td>
        <td>1:18:12 PM</td>
        <td>
          <b><font color=red>Screenshot of failure</font></b>
    <div class="row mb-3"><div class="col-md-3">
<img data-featherlight='Mon_Mar_03_13_18_12_IST_2025.jpg' src="Mon_Mar_03_13_18_12_IST_2025.jpg">
    
    </div></div>
        </td>
      </tr>
      <tr class="event-row">
        <td><span class="badge log fail-bg">Fail</span></td>
        <td>1:18:12 PM</td>
        <td>
          <span class='badge white-text red'>TEST CASE FAILED</span>
        </td>
      </tr>
  </tbody>
</table>
</div>
          </div>
        </li>
        <li class="test-item"  status="fail" test-id="16"
          author=""
          tag=""
          device="">
          <div class="test-detail">
            <p class="name">com.nxtgenai.testcases.RegisterDemo     @TestCase : registerUser</p>
            <p class="text-sm">
              <span>1:18:12 PM</span> / <span>00:00:00:191</span>
              <span class="badge fail-bg log float-right">Fail</span>
            </p>
          </div>
          <div class="test-contents d-none">
<div class="detail-head">
<div class="p-v-10">
<div class="info">
<h5 class="test-status text-fail">com.nxtgenai.testcases.RegisterDemo @TestCase : registerUser</h5>
<span class='badge badge-success'>03.03.2025 1:18:12 PM</span>
<span class='badge badge-danger'>03.03.2025 1:18:12 PM</span>
<span class='badge badge-default'>00:00:00:191</span>
&middot; <span class='uri-anchor badge badge-default'>#test-id=16</span>
<span class='badge badge-default pointer float-right ml-1 et'><i class="fa fa-chevron-down"></i></span>
<span class='badge badge-default pointer float-right ct'><i class="fa fa-chevron-up"></i></span>
</div>
</div>
</div><div class="detail-body mt-4">
<table class="table table-sm">
  <thead><tr><th class="status-col">Status</th><th class="timestamp-col">Timestamp</th><th class="details-col">Details</th></tr></thead>
  <tbody>
      <tr class="event-row">
        <td><span class="badge log fail-bg">Fail</span></td>
        <td>1:18:12 PM</td>
        <td>
          <details><summary><b><font color=red>Exception Occured:Click to see</font></b ></summary>[org.openqa.selenium.json.JsonOutput.convertUsingMethod(JsonOutput.java:520)<br> org.openqa.selenium.json.JsonOutput.lambda$new$16(JsonOutput.java:182)<br> org.openqa.selenium.json.JsonOutput.write0(JsonOutput.java:409)<br> org.openqa.selenium.json.JsonOutput.lambda$new$22(JsonOutput.java:204)<br> java.base/java.util.stream.ForEachOps$ForEachOp$OfRef.accept(ForEachOps.java:183)<br> java.base/java.util.stream.ReferencePipeline$2$1.accept(ReferencePipeline.java:177)<br> java.base/java.util.Iterator.forEachRemaining(Iterator.java:133)<br> java.base/java.util.Spliterators$IteratorSpliterator.forEachRemaining(Spliterators.java:1801)<br> java.base/java.util.stream.AbstractPipeline.copyInto(AbstractPipeline.java:484)<br> java.base/java.util.stream.AbstractPipeline.wrapAndCopyInto(AbstractPipeline.java:474)<br> java.base/java.util.stream.ForEachOps$ForEachOp.evaluateSequential(ForEachOps.java:150)<br> java.base/java.util.stream.ForEachOps$ForEachOp$OfRef.evaluateSequential(ForEachOps.java:173)<br> java.base/java.util.stream.AbstractPipeline.evaluate(AbstractPipeline.java:234)<br> java.base/java.util.stream.ReferencePipeline.forEach(ReferencePipeline.java:497)<br> org.openqa.selenium.json.JsonOutput.lambda$new$23(JsonOutput.java:204)<br> org.openqa.selenium.json.JsonOutput.write0(JsonOutput.java:409)<br> org.openqa.selenium.json.JsonOutput.lambda$new$24(JsonOutput.java:222)<br> java.base/java.util.Map.forEach(Map.java:661)<br> org.openqa.selenium.json.JsonOutput.lambda$new$25(JsonOutput.java:217)<br> org.openqa.selenium.json.JsonOutput.write0(JsonOutput.java:409)<br> org.openqa.selenium.json.JsonOutput.write(JsonOutput.java:400)<br> org.openqa.selenium.json.Json.toJson(Json.java:133)<br> org.openqa.selenium.json.Json.toJson(Json.java:119)<br> org.openqa.selenium.remote.codec.AbstractHttpCommandCodec.encode(AbstractHttpCommandCodec.java:245)<br> org.openqa.selenium.remote.codec.AbstractHttpCommandCodec.encode(AbstractHttpCommandCodec.java:111)<br> org.openqa.selenium.remote.HttpCommandExecutor.execute(HttpCommandExecutor.java:178)<br> org.openqa.selenium.remote.service.DriverCommandExecutor.invokeExecute(DriverCommandExecutor.java:216)<br> org.openqa.selenium.remote.service.DriverCommandExecutor.execute(DriverCommandExecutor.java:174)<br> org.openqa.selenium.remote.RemoteWebDriver.execute(RemoteWebDriver.java:545)<br> org.openqa.selenium.remote.RemoteWebDriver.perform(RemoteWebDriver.java:631)<br> org.openqa.selenium.interactions.Actions$BuiltAction.perform(Actions.java:613)<br> org.openqa.selenium.interactions.Actions.perform(Actions.java:578)<br> com.nxtgenai.pages.NxtGenHomePage.navigateToRegistrationForm(NxtGenHomePage.java:131)<br> com.nxtgenai.testcases.RegisterDemo.registerUser(RegisterDemo.java:21)<br> java.base/jdk.internal.reflect.NativeMethodAccessorImpl.invoke0(Native Method)<br> java.base/jdk.internal.reflect.NativeMethodAccessorImpl.invoke(NativeMethodAccessorImpl.java:62)<br> java.base/jdk.internal.reflect.DelegatingMethodAccessorImpl.invoke(DelegatingMethodAccessorImpl.java:43)<br> java.base/java.lang.reflect.Method.invoke(Method.java:566)<br> org.testng.internal.invokers.MethodInvocationHelper.invokeMethod(MethodInvocationHelper.java:141)<br> org.testng.internal.invokers.TestInvoker.invokeMethod(TestInvoker.java:686)<br> org.testng.internal.invokers.TestInvoker.invokeTestMethod(TestInvoker.java:230)<br> org.testng.internal.invokers.MethodRunner.runInSequence(MethodRunner.java:63)<br> org.testng.internal.invokers.TestInvoker$MethodInvocationAgent.invoke(TestInvoker.java:992)<br> org.testng.internal.invokers.TestInvoker.invokeTestMethods(TestInvoker.java:203)<br> org.testng.internal.invokers.TestMethodWorker.invokeTestMethods(TestMethodWorker.java:154)<br> org.testng.internal.invokers.TestMethodWorker.run(TestMethodWorker.java:134)<br> java.base/java.util.ArrayList.forEach(ArrayList.java:1541)<br> org.testng.TestRunner.privateRun(TestRunner.java:739)<br> org.testng.TestRunner.run(TestRunner.java:614)<br> org.testng.SuiteRunner.runTest(SuiteRunner.java:421)<br> org.testng.SuiteRunner.runSequentially(SuiteRunner.java:413)<br> org.testng.SuiteRunner.privateRun(SuiteRunner.java:373)<br> org.testng.SuiteRunner.run(SuiteRunner.java:312)<br> org.testng.SuiteRunnerWorker.runSuite(SuiteRunnerWorker.java:52)<br> org.testng.SuiteRunnerWorker.run(SuiteRunnerWorker.java:95)<br> org.testng.TestNG.runSuitesSequentially(TestNG.java:1274)<br> org.testng.TestNG.runSuitesLocally(TestNG.java:1208)<br> org.testng.TestNG.runSuites(TestNG.java:1112)<br> org.testng.TestNG.run(TestNG.java:1079)<br> org.testng.remote.AbstractRemoteTestNG.run(AbstractRemoteTestNG.java:115)<br> org.testng.remote.RemoteTestNG.initAndRun(RemoteTestNG.java:293)<br> org.testng.remote.RemoteTestNG.main(RemoteTestNG.java:91)]</details> 

        </td>
      </tr>
      <tr class="event-row">
        <td><span class="badge log fail-bg">Fail</span></td>
        <td>1:18:12 PM</td>
        <td>
          <b><font color=red>Screenshot of failure</font></b>
    <div class="row mb-3"><div class="col-md-3">
<img data-featherlight='Mon_Mar_03_13_18_12_IST_2025.jpg' src="Mon_Mar_03_13_18_12_IST_2025.jpg">
    
    </div></div>
        </td>
      </tr>
      <tr class="event-row">
        <td><span class="badge log fail-bg">Fail</span></td>
        <td>1:18:12 PM</td>
        <td>
          <span class='badge white-text red'>TEST CASE FAILED</span>
        </td>
      </tr>
  </tbody>
</table>
</div>
          </div>
        </li>
        <li class="test-item"  status="skip" test-id="17"
          author=""
          tag=""
          device="">
          <div class="test-detail">
            <p class="name">com.nxtgenai.testcases.HandlingPopUp     @TestCase : validateAlertPopUp</p>
            <p class="text-sm">
              <span>1:18:12 PM</span> / <span>00:00:00:000</span>
              <span class="badge skip-bg log float-right">Skip</span>
            </p>
          </div>
          <div class="test-contents d-none">
<div class="detail-head">
<div class="p-v-10">
<div class="info">
<h5 class="test-status text-skip">com.nxtgenai.testcases.HandlingPopUp @TestCase : validateAlertPopUp</h5>
<span class='badge badge-success'>03.03.2025 1:18:12 PM</span>
<span class='badge badge-danger'>03.03.2025 1:18:12 PM</span>
<span class='badge badge-default'>00:00:00:000</span>
&middot; <span class='uri-anchor badge badge-default'>#test-id=17</span>
<span class='badge badge-default pointer float-right ml-1 et'><i class="fa fa-chevron-down"></i></span>
<span class='badge badge-default pointer float-right ct'><i class="fa fa-chevron-up"></i></span>
</div>
</div>
</div><div class="detail-body mt-4">
<table class="table table-sm">
  <thead><tr><th class="status-col">Status</th><th class="timestamp-col">Timestamp</th><th class="details-col">Details</th></tr></thead>
  <tbody>
      <tr class="event-row">
        <td><span class="badge log skip-bg">Skip</span></td>
        <td>1:18:12 PM</td>
        <td>
          <span class='badge white-text yellow'><b>Test Case:- validateAlertPopUp Skipped</b></span>
        </td>
      </tr>
  </tbody>
</table>
</div>
          </div>
        </li>
        <li class="test-item"  status="skip" test-id="18"
          author=""
          tag=""
          device="">
          <div class="test-detail">
            <p class="name">com.nxtgenai.testcases.HandlingPopUp     @TestCase : validateConfirmAlertPopUp</p>
            <p class="text-sm">
              <span>1:18:12 PM</span> / <span>00:00:00:000</span>
              <span class="badge skip-bg log float-right">Skip</span>
            </p>
          </div>
          <div class="test-contents d-none">
<div class="detail-head">
<div class="p-v-10">
<div class="info">
<h5 class="test-status text-skip">com.nxtgenai.testcases.HandlingPopUp @TestCase : validateConfirmAlertPopUp</h5>
<span class='badge badge-success'>03.03.2025 1:18:12 PM</span>
<span class='badge badge-danger'>03.03.2025 1:18:12 PM</span>
<span class='badge badge-default'>00:00:00:000</span>
&middot; <span class='uri-anchor badge badge-default'>#test-id=18</span>
<span class='badge badge-default pointer float-right ml-1 et'><i class="fa fa-chevron-down"></i></span>
<span class='badge badge-default pointer float-right ct'><i class="fa fa-chevron-up"></i></span>
</div>
</div>
</div><div class="detail-body mt-4">
<table class="table table-sm">
  <thead><tr><th class="status-col">Status</th><th class="timestamp-col">Timestamp</th><th class="details-col">Details</th></tr></thead>
  <tbody>
      <tr class="event-row">
        <td><span class="badge log skip-bg">Skip</span></td>
        <td>1:18:12 PM</td>
        <td>
          <span class='badge white-text yellow'><b>Test Case:- validateConfirmAlertPopUp Skipped</b></span>
        </td>
      </tr>
  </tbody>
</table>
</div>
          </div>
        </li>
        <li class="test-item"  status="skip" test-id="19"
          author=""
          tag=""
          device="">
          <div class="test-detail">
            <p class="name">com.nxtgenai.testcases.HandlingPopUp     @TestCase : validatePromptAlertPopUp</p>
            <p class="text-sm">
              <span>1:18:12 PM</span> / <span>00:00:00:000</span>
              <span class="badge skip-bg log float-right">Skip</span>
            </p>
          </div>
          <div class="test-contents d-none">
<div class="detail-head">
<div class="p-v-10">
<div class="info">
<h5 class="test-status text-skip">com.nxtgenai.testcases.HandlingPopUp @TestCase : validatePromptAlertPopUp</h5>
<span class='badge badge-success'>03.03.2025 1:18:12 PM</span>
<span class='badge badge-danger'>03.03.2025 1:18:12 PM</span>
<span class='badge badge-default'>00:00:00:000</span>
&middot; <span class='uri-anchor badge badge-default'>#test-id=19</span>
<span class='badge badge-default pointer float-right ml-1 et'><i class="fa fa-chevron-down"></i></span>
<span class='badge badge-default pointer float-right ct'><i class="fa fa-chevron-up"></i></span>
</div>
</div>
</div><div class="detail-body mt-4">
<table class="table table-sm">
  <thead><tr><th class="status-col">Status</th><th class="timestamp-col">Timestamp</th><th class="details-col">Details</th></tr></thead>
  <tbody>
      <tr class="event-row">
        <td><span class="badge log skip-bg">Skip</span></td>
        <td>1:18:12 PM</td>
        <td>
          <span class='badge white-text yellow'><b>Test Case:- validatePromptAlertPopUp Skipped</b></span>
        </td>
      </tr>
  </tbody>
</table>
</div>
          </div>
        </li>
        <li class="test-item"  status="skip" test-id="20"
          author=""
          tag=""
          device="">
          <div class="test-detail">
            <p class="name">com.nxtgenai.testcases.HandlingMultipleWindows     @TestCase : handlingMultipleBrowsers</p>
            <p class="text-sm">
              <span>1:18:12 PM</span> / <span>00:00:00:000</span>
              <span class="badge skip-bg log float-right">Skip</span>
            </p>
          </div>
          <div class="test-contents d-none">
<div class="detail-head">
<div class="p-v-10">
<div class="info">
<h5 class="test-status text-skip">com.nxtgenai.testcases.HandlingMultipleWindows @TestCase : handlingMultipleBrowsers</h5>
<span class='badge badge-success'>03.03.2025 1:18:12 PM</span>
<span class='badge badge-danger'>03.03.2025 1:18:12 PM</span>
<span class='badge badge-default'>00:00:00:000</span>
&middot; <span class='uri-anchor badge badge-default'>#test-id=20</span>
<span class='badge badge-default pointer float-right ml-1 et'><i class="fa fa-chevron-down"></i></span>
<span class='badge badge-default pointer float-right ct'><i class="fa fa-chevron-up"></i></span>
</div>
</div>
</div><div class="detail-body mt-4">
<table class="table table-sm">
  <thead><tr><th class="status-col">Status</th><th class="timestamp-col">Timestamp</th><th class="details-col">Details</th></tr></thead>
  <tbody>
      <tr class="event-row">
        <td><span class="badge log skip-bg">Skip</span></td>
        <td>1:18:12 PM</td>
        <td>
          <span class='badge white-text yellow'><b>Test Case:- handlingMultipleBrowsers Skipped</b></span>
        </td>
      </tr>
  </tbody>
</table>
</div>
          </div>
        </li>
        <li class="test-item"  status="skip" test-id="21"
          author=""
          tag=""
          device="">
          <div class="test-detail">
            <p class="name">com.nxtgenai.testcases.HandlingMultipleWindows     @TestCase : handlingMultipleTabs</p>
            <p class="text-sm">
              <span>1:18:12 PM</span> / <span>00:00:00:000</span>
              <span class="badge skip-bg log float-right">Skip</span>
            </p>
          </div>
          <div class="test-contents d-none">
<div class="detail-head">
<div class="p-v-10">
<div class="info">
<h5 class="test-status text-skip">com.nxtgenai.testcases.HandlingMultipleWindows @TestCase : handlingMultipleTabs</h5>
<span class='badge badge-success'>03.03.2025 1:18:12 PM</span>
<span class='badge badge-danger'>03.03.2025 1:18:12 PM</span>
<span class='badge badge-default'>00:00:00:000</span>
&middot; <span class='uri-anchor badge badge-default'>#test-id=21</span>
<span class='badge badge-default pointer float-right ml-1 et'><i class="fa fa-chevron-down"></i></span>
<span class='badge badge-default pointer float-right ct'><i class="fa fa-chevron-up"></i></span>
</div>
</div>
</div><div class="detail-body mt-4">
<table class="table table-sm">
  <thead><tr><th class="status-col">Status</th><th class="timestamp-col">Timestamp</th><th class="details-col">Details</th></tr></thead>
  <tbody>
      <tr class="event-row">
        <td><span class="badge log skip-bg">Skip</span></td>
        <td>1:18:12 PM</td>
        <td>
          <span class='badge white-text yellow'><b>Test Case:- handlingMultipleTabs Skipped</b></span>
        </td>
      </tr>
  </tbody>
</table>
</div>
          </div>
        </li>
        <li class="test-item"  status="skip" test-id="22"
          author=""
          tag=""
          device="">
          <div class="test-detail">
            <p class="name">com.nxtgenai.testcases.HandlingMultipleWindows     @TestCase : handlingMultipleMessageWindow</p>
            <p class="text-sm">
              <span>1:18:12 PM</span> / <span>00:00:00:000</span>
              <span class="badge skip-bg log float-right">Skip</span>
            </p>
          </div>
          <div class="test-contents d-none">
<div class="detail-head">
<div class="p-v-10">
<div class="info">
<h5 class="test-status text-skip">com.nxtgenai.testcases.HandlingMultipleWindows @TestCase : handlingMultipleMessageWindow</h5>
<span class='badge badge-success'>03.03.2025 1:18:12 PM</span>
<span class='badge badge-danger'>03.03.2025 1:18:12 PM</span>
<span class='badge badge-default'>00:00:00:000</span>
&middot; <span class='uri-anchor badge badge-default'>#test-id=22</span>
<span class='badge badge-default pointer float-right ml-1 et'><i class="fa fa-chevron-down"></i></span>
<span class='badge badge-default pointer float-right ct'><i class="fa fa-chevron-up"></i></span>
</div>
</div>
</div><div class="detail-body mt-4">
<table class="table table-sm">
  <thead><tr><th class="status-col">Status</th><th class="timestamp-col">Timestamp</th><th class="details-col">Details</th></tr></thead>
  <tbody>
      <tr class="event-row">
        <td><span class="badge log skip-bg">Skip</span></td>
        <td>1:18:12 PM</td>
        <td>
          <span class='badge white-text yellow'><b>Test Case:- handlingMultipleMessageWindow Skipped</b></span>
        </td>
      </tr>
  </tbody>
</table>
</div>
          </div>
        </li>
      </ul>
    </div>
  </div>
<div class="test-content scrollable">
<div class="test-content-tools">
<ul><li><a class="back-to-test" href="#"><i class="fa fa-arrow-left"></i></a></li></ul>
</div>
<div class="test-content-detail"><div class="detail-body"></div></div>
</div></div>
<div class="container-fluid p-4 view dashboard-view">
<div class="row">
<div class="col-md-3">
<div class="card"><div class="card-body">
<p class="m-b-0">Started</p>
<h3>Mar 3, 2025 01:17:51 PM</h3>
</div></div>
</div>
<div class="col-md-3">
<div class="card"><div class="card-body">
<p class="m-b-0">Ended</p>
<h3>Mar 3, 2025 01:18:12 PM</h3>
</div></div>
</div>
<div class="col-md-3">
<div class="card"><div class="card-body">
<p class="m-b-0 text-pass">Tests Passed</p>
<h3>0</h3>
</div></div>
</div>
<div class="col-md-3">
<div class="card"><div class="card-body">
<p class="m-b-0 text-fail">Tests Failed</p>
<h3>16</h3>
</div></div>
</div>
</div>
<div class="row">
<div class="col-md-6">
<div class="card">
<div class="card-header">
<h6 class="card-title">Tests</h6>
</div>
<div class="card-body">
<div class="">
<canvas id='parent-analysis' width='115' height='90'></canvas>
</div>
</div>
<div class="card-footer">
<div><small data-tooltip='0%'>
<b>0</b> tests passed
</small>
</div>
<div>
<small data-tooltip='72%'><b>16</b> tests failed,
<b>6</b> skipped, <b data-tooltip='0%'>0</b> others
</small>
</div>
</div>
</div>
</div>
<div class="col-md-6">
<div class="card">
<div class="card-header">
<h6 class="card-title">Log events</h6>
</div>
<div class="card-body">
<div class="">
<canvas id='events-analysis' width='115' height='90'></canvas>
</div>
</div>
<div class="card-footer">
<div><small data-tooltip='0%'><b>0</b> events passed</small></div>
<div>
<small data-tooltip='88%'><b>48</b> events failed,
<b data-tooltip='%'>6</b> others
</small>
</div>
</div>
</div>
</div>
</div>
<div class="row"><div class="col-md-12">
<div class="card"><div class="card-header"><p>Timeline</p></div>
<div class="card-body pt-0"><div>
<canvas id="timeline" height="120"></canvas>
</div></div>
</div>
</div></div>
<script>
var timeline = {
"com.nxtgenai.testcases.ScreenNavigation @TestCase : validatingHomePageNavigation":0.481,"com.nxtgenai.testcases.ScreenNavigation @TestCase : validatingSeleniumAutomationCurriculumNavigation":0.237,"com.nxtgenai.testcases.ScreenNavigation @TestCase : validatingAutomationToolsCurriculumNavigation":0.498,"com.nxtgenai.testcases.ScreenNavigation @TestCase : validatingRegistrationFormNavigation":0.213,"com.nxtgenai.testcases.ScreenNavigation @TestCase : validatingAlertPopUpNavigation":0.45,"com.nxtgenai.testcases.ScreenNavigation @TestCase : validatingMultipleWindowsNavigation":0.158,"com.nxtgenai.testcases.ScreenNavigation @TestCase : validatingWebTableNavigation":2.237,"com.nxtgenai.testcases.ScreenNavigation @TestCase : validatingMouseEventNavigation":0.191,"com.nxtgenai.testcases.ScreenNavigation @TestCase : validatingProgressBarNavigation":0.185,"com.nxtgenai.testcases.ScreenNavigation @TestCase : validatingDynamicTransactionNavigation":0.151,"com.nxtgenai.testcases.ScreenNavigation @TestCase : validatingFramesNavigation":0.141,"com.nxtgenai.testcases.ScreenNavigation @TestCase : validatingTechTalkNavigation":0.157,"com.nxtgenai.testcases.ScreenNavigation @TestCase : validatingTestimonialsNavigation":0.144,"com.nxtgenai.testcases.ScreenNavigation @TestCase : validatingPythonForAutomationNavigation":0.147,"com.nxtgenai.testcases.RegisterDemo @TestCase : registerUser":0.181,"com.nxtgenai.testcases.RegisterDemo @TestCase : registerUser":0.191,"com.nxtgenai.testcases.HandlingPopUp @TestCase : validateAlertPopUp":0,"com.nxtgenai.testcases.HandlingPopUp @TestCase : validateConfirmAlertPopUp":0,"com.nxtgenai.testcases.HandlingPopUp @TestCase : validatePromptAlertPopUp":0,"com.nxtgenai.testcases.HandlingMultipleWindows @TestCase : handlingMultipleBrowsers":0,"com.nxtgenai.testcases.HandlingMultipleWindows @TestCase : handlingMultipleTabs":0,"com.nxtgenai.testcases.HandlingMultipleWindows @TestCase : handlingMultipleMessageWindow":0
};
</script>
<div class="row">
<div class="col-lg-6 col-md-12 sysenv-container">
<div class="card">
<div class="card-header"><p>System/Environment</p></div>
<div class="card-body pb-0 pt-0"><table class="table table-sm table-bordered">
<thead><tr class="bg-gray"><th>Name</th><th>Value</th></tr></thead>
<tbody>
<tr>
<td>QA Automation Trainer</td>
<td>Vinoth Rathinam</td>
</tr>
<tr>
<td>Organization</td>
<td>NxtGen AI Academy</td>
</tr>
</tbody>
</table></div>
</div>
</div>
</div>
</div>
<script>
var statusGroup = {
parentCount: 5,
passParent: 0,
failParent: 16,
warningParent: 0,
skipParent: 6,
childCount: 5,
passChild: 0,
failChild: 0,
warningChild: 0,
skipChild: 0,
infoChild: 0,
grandChildCount: 5,
passGrandChild: 0,
failGrandChild: 0,
warningGrandChild: 0,
skipGrandChild: 0,
infoGrandChild: 0,
eventsCount: 5,
passEvents: 0,
failEvents: 48,
warningEvents: 0,
skipEvents: 6,
infoEvents: 0
};
</script>        </div>
      </div>
    </div>
  </div>
<script src="https://cdn.jsdelivr.net/gh/extent-framework/extent-github-cdn@d6562a79075e061305ccfdb82f01e5e195e2d307/spark/js/spark-script.js"></script>
<script type="text/javascript"></script></body>
</html>